nohup: ignoring input
1
      From worker 2:	Running on 1 Julia thread(s) [BLAS threads: 1]
      From worker 2:	Training on CPU.
      From worker 2:	No path to external inputs provided, initializing vanilla Dataset.
      From worker 2:	Model / # Parameters: clippedShallowPLRNN{Vector{Float32}, Matrix{Float32}} / 77696
      From worker 2:	Obs. Model / # Parameters: Affine{Matrix{Float32}, Vector{Float32}} / 2304
      From worker 2:	Using GTF with initial α = 0.4 and annealing method: product_upper_bound (γ = 0.995, k = 5)
      From worker 2:	Partial forcing set to: true (N = 48, M = 48)
      From worker 2:	[48_delayed_forcing_solar_shPLRNN_GTF_0.4_B50/CRSettings-ℳ_clippedShallowPLRNN-𝒪_Affine-M_48-H_800-B_50::001] Epoch 5/5000 took 97.26s | ETA 19:37:45 | ∑L 0.2074361 | Lₜᵣ 0.20735852 | Lᵣ 7.757601e-5 | Dₛₜₛₚ (GMM) 24.404 | Dₕ 0.517 | PE(20) 0.42447838 | α 0.312 | cond(B) 21.821 
      From worker 2:	[48_delayed_forcing_solar_shPLRNN_GTF_0.4_B50/CRSettings-ℳ_clippedShallowPLRNN-𝒪_Affine-M_48-H_800-B_50::001] Epoch 10/5000 took 93.09s | ETA 14:06:16 | ∑L 0.13931093 | Lₜᵣ 0.13925986 | Lᵣ 5.1060626e-5 | Dₛₜₛₚ (GMM) 31.102 | Dₕ 0.375 | PE(20) 0.36526722 | α 0.273 | cond(B) 11.451 
      From worker 2:	[48_delayed_forcing_solar_shPLRNN_GTF_0.4_B50/CRSettings-ℳ_clippedShallowPLRNN-𝒪_Affine-M_48-H_800-B_50::001] Epoch 15/5000 took 92.21s | ETA 11:17:52 | ∑L 0.0722996 | Lₜᵣ 0.07224601 | Lᵣ 5.3593518e-5 | Dₛₜₛₚ (GMM) 34.181 | Dₕ 0.273 | PE(20) 0.47892272 | α 0.376 | cond(B) 7.542 
      From worker 2:	[48_delayed_forcing_solar_shPLRNN_GTF_0.4_B50/CRSettings-ℳ_clippedShallowPLRNN-𝒪_Affine-M_48-H_800-B_50::001] Epoch 20/5000 took 92.87s | ETA 09:44:59 | ∑L 0.05185381 | Lₜᵣ 0.0517942 | Lᵣ 5.9609578e-5 | Dₛₜₛₚ (GMM) 5.937 | Dₕ 0.232 | PE(20) 0.5485215 | α 0.434 | cond(B) 5.985 
      From worker 2:	[48_delayed_forcing_solar_shPLRNN_GTF_0.4_B50/CRSettings-ℳ_clippedShallowPLRNN-𝒪_Affine-M_48-H_800-B_50::001] Epoch 25/5000 took 92.45s | ETA 06:20:21 | ∑L 0.04341538 | Lₜᵣ 0.043348867 | Lᵣ 6.6509856e-5 | Dₛₜₛₚ (GMM) 13.073 | Dₕ 0.239 | PE(20) 0.59307337 | α 0.464 | cond(B) 5.391 
      From worker 2:	[48_delayed_forcing_solar_shPLRNN_GTF_0.4_B50/CRSettings-ℳ_clippedShallowPLRNN-𝒪_Affine-M_48-H_800-B_50::001] Epoch 30/5000 took 92.75s | ETA 04:01:33 | ∑L 0.03961785 | Lₜᵣ 0.039544344 | Lᵣ 7.350622e-5 | Dₛₜₛₚ (GMM) 6.205 | Dₕ 0.21 | PE(20) 0.63045806 | α 0.489 | cond(B) 5.058 
      From worker 2:	[48_delayed_forcing_solar_shPLRNN_GTF_0.4_B50/CRSettings-ℳ_clippedShallowPLRNN-𝒪_Affine-M_48-H_800-B_50::001] Epoch 35/5000 took 92.72s | ETA 02:03:24 | ∑L 0.03617472 | Lₜᵣ 0.036094118 | Lᵣ 8.06021e-5 | Dₛₜₛₚ (GMM) 5.774 | Dₕ 0.205 | PE(20) 0.66556615 | α 0.51 | cond(B) 4.816 
      From worker 2:	[48_delayed_forcing_solar_shPLRNN_GTF_0.4_B50/CRSettings-ℳ_clippedShallowPLRNN-𝒪_Affine-M_48-H_800-B_50::001] Epoch 40/5000 took 92.37s | ETA 00:03:56 | ∑L 0.03189097 | Lₜᵣ 0.03180348 | Lᵣ 8.7489374e-5 | Dₛₜₛₚ (GMM) 5.841 | Dₕ 0.217 | PE(20) 0.6958633 | α 0.529 | cond(B) 4.624 
      From worker 2:	[48_delayed_forcing_solar_shPLRNN_GTF_0.4_B50/CRSettings-ℳ_clippedShallowPLRNN-𝒪_Affine-M_48-H_800-B_50::001] Epoch 45/5000 took 91.98s | ETA 22:04:30 | ∑L 0.028665496 | Lₜᵣ 0.028571233 | Lᵣ 9.426375e-5 | Dₛₜₛₚ (GMM) 5.672 | Dₕ 0.213 | PE(20) 0.73090506 | α 0.543 | cond(B) 4.464 
      From worker 2:	[48_delayed_forcing_solar_shPLRNN_GTF_0.4_B50/CRSettings-ℳ_clippedShallowPLRNN-𝒪_Affine-M_48-H_800-B_50::001] Epoch 50/5000 took 91.79s | ETA 20:22:36 | ∑L 0.027186299 | Lₜᵣ 0.027085453 | Lᵣ 0.0001008453 | Dₛₜₛₚ (GMM) 6.088 | Dₕ 0.238 | PE(20) 0.75251955 | α 0.557 | cond(B) 4.325 
      From worker 2:	[48_delayed_forcing_solar_shPLRNN_GTF_0.4_B50/CRSettings-ℳ_clippedShallowPLRNN-𝒪_Affine-M_48-H_800-B_50::001] Epoch 55/5000 took 92.13s | ETA 18:56:54 | ∑L 0.027086899 | Lₜᵣ 0.026979672 | Lᵣ 0.00010722742 | Dₛₜₛₚ (GMM) 8.689 | Dₕ 0.257 | PE(20) 0.77910256 | α 0.571 | cond(B) 4.216 
      From worker 2:	[48_delayed_forcing_solar_shPLRNN_GTF_0.4_B50/CRSettings-ℳ_clippedShallowPLRNN-𝒪_Affine-M_48-H_800-B_50::001] Epoch 60/5000 took 92.28s | ETA 17:33:58 | ∑L 0.02550664 | Lₜᵣ 0.025393153 | Lᵣ 0.00011348645 | Dₛₜₛₚ (GMM) 7.921 | Dₕ 0.253 | PE(20) 0.80253154 | α 0.582 | cond(B) 4.116 
      From worker 2:	[48_delayed_forcing_solar_shPLRNN_GTF_0.4_B50/CRSettings-ℳ_clippedShallowPLRNN-𝒪_Affine-M_48-H_800-B_50::001] Epoch 65/5000 took 91.97s | ETA 16:12:45 | ∑L 0.025184523 | Lₜᵣ 0.025064858 | Lᵣ 0.000119665914 | Dₛₜₛₚ (GMM) 7.398 | Dₕ 0.242 | PE(20) 0.8327665 | α 0.593 | cond(B) 4.031 
      From worker 2:	[48_delayed_forcing_solar_shPLRNN_GTF_0.4_B50/CRSettings-ℳ_clippedShallowPLRNN-𝒪_Affine-M_48-H_800-B_50::001] Epoch 70/5000 took 90.98s | ETA 14:47:30 | ∑L 0.02469433 | Lₜᵣ 0.024568746 | Lᵣ 0.00012558274 | Dₛₜₛₚ (GMM) 11.077 | Dₕ 0.278 | PE(20) 0.85013944 | α 0.603 | cond(B) 3.96 
      From worker 2:	[48_delayed_forcing_solar_shPLRNN_GTF_0.4_B50/CRSettings-ℳ_clippedShallowPLRNN-𝒪_Affine-M_48-H_800-B_50::001] Epoch 75/5000 took 90.7s | ETA 13:38:16 | ∑L 0.0232948 | Lₜᵣ 0.023163492 | Lᵣ 0.00013130934 | Dₛₜₛₚ (GMM) 7.158 | Dₕ 0.269 | PE(20) 0.87473327 | α 0.612 | cond(B) 3.904 
      From worker 2:	[48_delayed_forcing_solar_shPLRNN_GTF_0.4_B50/CRSettings-ℳ_clippedShallowPLRNN-𝒪_Affine-M_48-H_800-B_50::001] Epoch 80/5000 took 90.51s | ETA 12:33:50 | ∑L 0.022524994 | Lₜᵣ 0.022387996 | Lᵣ 0.00013699844 | Dₛₜₛₚ (GMM) 6.73 | Dₕ 0.264 | PE(20) 0.89510536 | α 0.621 | cond(B) 3.864 
      From worker 2:	[48_delayed_forcing_solar_shPLRNN_GTF_0.4_B50/CRSettings-ℳ_clippedShallowPLRNN-𝒪_Affine-M_48-H_800-B_50::001] Epoch 85/5000 took 91.23s | ETA 11:48:23 | ∑L 0.02225312 | Lₜᵣ 0.022110617 | Lᵣ 0.00014250261 | Dₛₜₛₚ (GMM) 6.684 | Dₕ 0.248 | PE(20) 0.90166235 | α 0.628 | cond(B) 3.825 
      From worker 2:	[48_delayed_forcing_solar_shPLRNN_GTF_0.4_B50/CRSettings-ℳ_clippedShallowPLRNN-𝒪_Affine-M_48-H_800-B_50::001] Epoch 90/5000 took 90.98s | ETA 10:51:18 | ∑L 0.02239064 | Lₜᵣ 0.022242673 | Lᵣ 0.00014796598 | Dₛₜₛₚ (GMM) 6.783 | Dₕ 0.29 | PE(20) 0.9238813 | α 0.635 | cond(B) 3.798 
      From worker 2:	[48_delayed_forcing_solar_shPLRNN_GTF_0.4_B50/CRSettings-ℳ_clippedShallowPLRNN-𝒪_Affine-M_48-H_800-B_50::001] Epoch 95/5000 took 90.76s | ETA 09:58:13 | ∑L 0.021437291 | Lₜᵣ 0.021283885 | Lᵣ 0.00015340546 | Dₛₜₛₚ (GMM) 6.647 | Dₕ 0.256 | PE(20) 0.9369569 | α 0.642 | cond(B) 3.775 
      From worker 2:	[48_delayed_forcing_solar_shPLRNN_GTF_0.4_B50/CRSettings-ℳ_clippedShallowPLRNN-𝒪_Affine-M_48-H_800-B_50::001] Epoch 100/5000 took 89.92s | ETA 08:58:51 | ∑L 0.021477304 | Lₜᵣ 0.02131862 | Lᵣ 0.00015868506 | Dₛₜₛₚ (GMM) 7.311 | Dₕ 0.278 | PE(20) 0.9465363 | α 0.649 | cond(B) 3.764 
      From worker 2:	[48_delayed_forcing_solar_shPLRNN_GTF_0.4_B50/CRSettings-ℳ_clippedShallowPLRNN-𝒪_Affine-M_48-H_800-B_50::001] Epoch 105/5000 took 89.77s | ETA 08:13:22 | ∑L 0.021256153 | Lₜᵣ 0.02109232 | Lᵣ 0.00016383313 | Dₛₜₛₚ (GMM) 6.976 | Dₕ 0.273 | PE(20) 0.962644 | α 0.655 | cond(B) 3.748 
      From worker 2:	[48_delayed_forcing_solar_shPLRNN_GTF_0.4_B50/CRSettings-ℳ_clippedShallowPLRNN-𝒪_Affine-M_48-H_800-B_50::001] Epoch 110/5000 took 90.51s | ETA 07:44:29 | ∑L 0.020499306 | Lₜᵣ 0.020330423 | Lᵣ 0.00016888235 | Dₛₜₛₚ (GMM) 6.838 | Dₕ 0.277 | PE(20) 0.9777066 | α 0.661 | cond(B) 3.74 
      From worker 2:	[48_delayed_forcing_solar_shPLRNN_GTF_0.4_B50/CRSettings-ℳ_clippedShallowPLRNN-𝒪_Affine-M_48-H_800-B_50::001] Epoch 115/5000 took 89.8s | ETA 06:53:24 | ∑L 0.020599622 | Lₜᵣ 0.020425705 | Lᵣ 0.00017391777 | Dₛₜₛₚ (GMM) 6.998 | Dₕ 0.277 | PE(20) 0.98066217 | α 0.667 | cond(B) 3.744 
      From worker 2:	[48_delayed_forcing_solar_shPLRNN_GTF_0.4_B50/CRSettings-ℳ_clippedShallowPLRNN-𝒪_Affine-M_48-H_800-B_50::001] Epoch 120/5000 took 89.5s | ETA 06:11:35 | ∑L 0.02032758 | Lₜᵣ 0.020148592 | Lᵣ 0.00017898664 | Dₛₜₛₚ (GMM) 6.576 | Dₕ 0.264 | PE(20) 0.99596864 | α 0.672 | cond(B) 3.742 
      From worker 2:	[48_delayed_forcing_solar_shPLRNN_GTF_0.4_B50/CRSettings-ℳ_clippedShallowPLRNN-𝒪_Affine-M_48-H_800-B_50::001] Epoch 125/5000 took 88.73s | ETA 05:22:35 | ∑L 0.020272076 | Lₜᵣ 0.020088054 | Lᵣ 0.0001840218 | Dₛₜₛₚ (GMM) 6.677 | Dₕ 0.275 | PE(20) 0.9962947 | α 0.677 | cond(B) 3.742 
      From worker 2:	[48_delayed_forcing_solar_shPLRNN_GTF_0.4_B50/CRSettings-ℳ_clippedShallowPLRNN-𝒪_Affine-M_48-H_800-B_50::001] Epoch 130/5000 took 88.47s | ETA 04:43:00 | ∑L 0.019472016 | Lₜᵣ 0.019283103 | Lᵣ 0.00018891381 | Dₛₜₛₚ (GMM) 7.137 | Dₕ 0.272 | PE(20) 1.0142301 | α 0.683 | cond(B) 3.745 
      From worker 2:	[48_delayed_forcing_solar_shPLRNN_GTF_0.4_B50/CRSettings-ℳ_clippedShallowPLRNN-𝒪_Affine-M_48-H_800-B_50::001] Epoch 135/5000 took 88.57s | ETA 04:11:12 | ∑L 0.020571074 | Lₜᵣ 0.020377241 | Lᵣ 0.00019383192 | Dₛₜₛₚ (GMM) 6.926 | Dₕ 0.266 | PE(20) 1.0221872 | α 0.687 | cond(B) 3.757 
      From worker 2:	[48_delayed_forcing_solar_shPLRNN_GTF_0.4_B50/CRSettings-ℳ_clippedShallowPLRNN-𝒪_Affine-M_48-H_800-B_50::001] Epoch 140/5000 took 89.79s | ETA 03:59:30 | ∑L 0.020806653 | Lₜᵣ 0.020607866 | Lᵣ 0.00019878754 | Dₛₜₛₚ (GMM) 6.4 | Dₕ 0.288 | PE(20) 1.022937 | α 0.691 | cond(B) 3.756 
      From worker 2:	[48_delayed_forcing_solar_shPLRNN_GTF_0.4_B50/CRSettings-ℳ_clippedShallowPLRNN-𝒪_Affine-M_48-H_800-B_50::001] Epoch 145/5000 took 89.26s | ETA 03:23:39 | ∑L 0.020033963 | Lₜᵣ 0.019830205 | Lᵣ 0.00020375827 | Dₛₜₛₚ (GMM) 6.559 | Dₕ 0.278 | PE(20) 0.9895725 | α 0.691 | cond(B) 3.824 
      From worker 2:	[48_delayed_forcing_solar_shPLRNN_GTF_0.4_B50/CRSettings-ℳ_clippedShallowPLRNN-𝒪_Affine-M_48-H_800-B_50::001] Epoch 150/5000 took 89.25s | ETA 02:58:18 | ∑L 0.020411698 | Lₜᵣ 0.020204015 | Lᵣ 0.00020768282 | Dₛₜₛₚ (GMM) 6.385 | Dₕ 0.276 | PE(20) 1.0269303 | α 0.697 | cond(B) 3.743 
      From worker 2:	[48_delayed_forcing_solar_shPLRNN_GTF_0.4_B50/CRSettings-ℳ_clippedShallowPLRNN-𝒪_Affine-M_48-H_800-B_50::001] Epoch 155/5000 took 89.11s | ETA 02:33:07 | ∑L 0.01957019 | Lₜᵣ 0.019358305 | Lᵣ 0.00021188553 | Dₛₜₛₚ (GMM) 7.013 | Dₕ 0.279 | PE(20) 1.0436424 | α 0.701 | cond(B) 3.717 
      From worker 2:	[48_delayed_forcing_solar_shPLRNN_GTF_0.4_B50/CRSettings-ℳ_clippedShallowPLRNN-𝒪_Affine-M_48-H_800-B_50::001] Epoch 160/5000 took 89.68s | ETA 02:23:44 | ∑L 0.018397693 | Lₜᵣ 0.018181495 | Lᵣ 0.0002161979 | Dₛₜₛₚ (GMM) 6.785 | Dₕ 0.286 | PE(20) 1.0558512 | α 0.705 | cond(B) 3.704 
      From worker 2:	[48_delayed_forcing_solar_shPLRNN_GTF_0.4_B50/CRSettings-ℳ_clippedShallowPLRNN-𝒪_Affine-M_48-H_800-B_50::001] Epoch 165/5000 took 90.4s | ETA 02:17:44 | ∑L 0.01837529 | Lₜᵣ 0.018154643 | Lᵣ 0.0002206465 | Dₛₜₛₚ (GMM) 6.769 | Dₕ 0.292 | PE(20) 1.06084 | α 0.708 | cond(B) 3.716 
      From worker 2:	[48_delayed_forcing_solar_shPLRNN_GTF_0.4_B50/CRSettings-ℳ_clippedShallowPLRNN-𝒪_Affine-M_48-H_800-B_50::001] Epoch 170/5000 took 90.09s | ETA 01:57:21 | ∑L 0.018612424 | Lₜᵣ 0.018387316 | Lᵣ 0.0002251083 | Dₛₜₛₚ (GMM) 6.924 | Dₕ 0.282 | PE(20) 1.0596218 | α 0.712 | cond(B) 3.732 
      From worker 2:	[48_delayed_forcing_solar_shPLRNN_GTF_0.4_B50/CRSettings-ℳ_clippedShallowPLRNN-𝒪_Affine-M_48-H_800-B_50::001] Epoch 175/5000 took 89.91s | ETA 01:41:43 | ∑L 0.019478448 | Lₜᵣ 0.01924886 | Lᵣ 0.00022958803 | Dₛₜₛₚ (GMM) 5.939 | Dₕ 0.246 | PE(20) 1.0064654 | α 0.712 | cond(B) 3.83 
      From worker 2:	[48_delayed_forcing_solar_shPLRNN_GTF_0.4_B50/CRSettings-ℳ_clippedShallowPLRNN-𝒪_Affine-M_48-H_800-B_50::001] Epoch 180/5000 took 90.18s | ETA 01:32:09 | ∑L 0.018156547 | Lₜᵣ 0.017922878 | Lᵣ 0.00023366822 | Dₛₜₛₚ (GMM) 6.967 | Dₕ 0.275 | PE(20) 1.0477184 | α 0.719 | cond(B) 3.745 
      From worker 2:	[48_delayed_forcing_solar_shPLRNN_GTF_0.4_B50/CRSettings-ℳ_clippedShallowPLRNN-𝒪_Affine-M_48-H_800-B_50::001] Epoch 185/5000 took 90.11s | ETA 01:18:18 | ∑L 0.018922297 | Lₜᵣ 0.018684404 | Lᵣ 0.00023789298 | Dₛₜₛₚ (GMM) 7.369 | Dₕ 0.296 | PE(20) 1.0656524 | α 0.723 | cond(B) 3.719 
      From worker 2:	[48_delayed_forcing_solar_shPLRNN_GTF_0.4_B50/CRSettings-ℳ_clippedShallowPLRNN-𝒪_Affine-M_48-H_800-B_50::001] Epoch 190/5000 took 90.4s | ETA 01:11:56 | ∑L 0.01804934 | Lₜᵣ 0.017807154 | Lᵣ 0.0002421866 | Dₛₜₛₚ (GMM) 6.857 | Dₕ 0.294 | PE(20) 1.0792325 | α 0.727 | cond(B) 3.709 
      From worker 2:	[48_delayed_forcing_solar_shPLRNN_GTF_0.4_B50/CRSettings-ℳ_clippedShallowPLRNN-𝒪_Affine-M_48-H_800-B_50::001] Epoch 195/5000 took 90.42s | ETA 01:02:15 | ∑L 0.018352758 | Lₜᵣ 0.018106213 | Lᵣ 0.0002465451 | Dₛₜₛₚ (GMM) 7.421 | Dₕ 0.302 | PE(20) 1.0771053 | α 0.731 | cond(B) 3.712 
      From worker 2:	[48_delayed_forcing_solar_shPLRNN_GTF_0.4_B50/CRSettings-ℳ_clippedShallowPLRNN-𝒪_Affine-M_48-H_800-B_50::001] Epoch 200/5000 took 91.1s | ETA 01:03:01 | ∑L 0.01805961 | Lₜᵣ 0.017808618 | Lᵣ 0.0002509915 | Dₛₜₛₚ (GMM) 7.147 | Dₕ 0.274 | PE(20) 1.0876188 | α 0.734 | cond(B) 3.729 
      From worker 2:	[48_delayed_forcing_solar_shPLRNN_GTF_0.4_B50/CRSettings-ℳ_clippedShallowPLRNN-𝒪_Affine-M_48-H_800-B_50::001] Epoch 205/5000 took 90.63s | ETA 00:47:40 | ∑L 0.022179468 | Lₜᵣ 0.021923846 | Lᵣ 0.0002556218 | Dₛₜₛₚ (GMM) 6.208 | Dₕ 0.268 | PE(20) 1.0611714 | α 0.734 | cond(B) 4.289 
      From worker 2:	[48_delayed_forcing_solar_shPLRNN_GTF_0.4_B50/CRSettings-ℳ_clippedShallowPLRNN-𝒪_Affine-M_48-H_800-B_50::001] Epoch 210/5000 took 90.68s | ETA 00:40:04 | ∑L 0.018865922 | Lₜᵣ 0.018606314 | Lᵣ 0.00025960812 | Dₛₜₛₚ (GMM) 6.568 | Dₕ 0.286 | PE(20) 1.0557289 | α 0.74 | cond(B) 4.094 
      From worker 2:	[48_delayed_forcing_solar_shPLRNN_GTF_0.4_B50/CRSettings-ℳ_clippedShallowPLRNN-𝒪_Affine-M_48-H_800-B_50::001] Epoch 215/5000 took 90.71s | ETA 00:32:30 | ∑L 0.01765337 | Lₜᵣ 0.017389817 | Lᵣ 0.00026355253 | Dₛₜₛₚ (GMM) 7.655 | Dₕ 0.315 | PE(20) 1.0841516 | α 0.744 | cond(B) 3.963 
      From worker 2:	[48_delayed_forcing_solar_shPLRNN_GTF_0.4_B50/CRSettings-ℳ_clippedShallowPLRNN-𝒪_Affine-M_48-H_800-B_50::001] Epoch 220/5000 took 90.11s | ETA 00:15:02 | ∑L 0.01791835 | Lₜᵣ 0.017650736 | Lᵣ 0.00026761284 | Dₛₜₛₚ (GMM) 6.344 | Dₕ 0.269 | PE(20) 1.0911143 | α 0.747 | cond(B) 3.92 
      From worker 2:	[48_delayed_forcing_solar_shPLRNN_GTF_0.4_B50/CRSettings-ℳ_clippedShallowPLRNN-𝒪_Affine-M_48-H_800-B_50::001] Epoch 225/5000 took 90.48s | ETA 00:11:48 | ∑L 0.017870521 | Lₜᵣ 0.01759873 | Lᵣ 0.00027179156 | Dₛₜₛₚ (GMM) 7.295 | Dₕ 0.296 | PE(20) 1.1067128 | α 0.75 | cond(B) 3.907 
      From worker 2:	[48_delayed_forcing_solar_shPLRNN_GTF_0.4_B50/CRSettings-ℳ_clippedShallowPLRNN-𝒪_Affine-M_48-H_800-B_50::001] Epoch 230/5000 took 91.54s | ETA 00:20:47 | ∑L 0.018665785 | Lₜᵣ 0.018389687 | Lᵣ 0.00027609844 | Dₛₜₛₚ (GMM) 7.22 | Dₕ 0.302 | PE(20) 1.138921 | α 0.752 | cond(B) 3.91 
      From worker 2:	[48_delayed_forcing_solar_shPLRNN_GTF_0.4_B50/CRSettings-ℳ_clippedShallowPLRNN-𝒪_Affine-M_48-H_800-B_50::001] Epoch 235/5000 took 90.87s | ETA 00:03:51 | ∑L 0.021958893 | Lₜᵣ 0.021678723 | Lᵣ 0.00028016983 | Dₛₜₛₚ (GMM) 8.322 | Dₕ 0.3 | PE(20) 1.1165127 | α 0.752 | cond(B) 4.876 
      From worker 2:	[48_delayed_forcing_solar_shPLRNN_GTF_0.4_B50/CRSettings-ℳ_clippedShallowPLRNN-𝒪_Affine-M_48-H_800-B_50::001] Epoch 240/5000 took 90.9s | ETA 23:58:01 | ∑L 0.019378353 | Lₜᵣ 0.01909391 | Lᵣ 0.00028444175 | Dₛₜₛₚ (GMM) 8.272 | Dₕ 0.301 | PE(20) 1.096865 | α 0.758 | cond(B) 5.144 
      From worker 2:	[48_delayed_forcing_solar_shPLRNN_GTF_0.4_B50/CRSettings-ℳ_clippedShallowPLRNN-𝒪_Affine-M_48-H_800-B_50::001] Epoch 245/5000 took 91.06s | ETA 23:54:05 | ∑L 0.018197188 | Lₜᵣ 0.017908636 | Lᵣ 0.00028855237 | Dₛₜₛₚ (GMM) 8.617 | Dₕ 0.321 | PE(20) 1.1154315 | α 0.763 | cond(B) 5.222 
      From worker 2:	[48_delayed_forcing_solar_shPLRNN_GTF_0.4_B50/CRSettings-ℳ_clippedShallowPLRNN-𝒪_Affine-M_48-H_800-B_50::001] Epoch 250/5000 took 90.45s | ETA 23:38:16 | ∑L 0.017351964 | Lₜᵣ 0.01705979 | Lᵣ 0.00029217463 | Dₛₜₛₚ (GMM) 6.328 | Dₕ 0.283 | PE(20) 1.0777441 | α 0.766 | cond(B) 4.855 
      From worker 2:	[48_delayed_forcing_solar_shPLRNN_GTF_0.4_B50/CRSettings-ℳ_clippedShallowPLRNN-𝒪_Affine-M_48-H_800-B_50::001] Epoch 255/5000 took 91.29s | ETA 23:43:01 | ∑L 0.017672924 | Lₜᵣ 0.017376972 | Lᵣ 0.0002959526 | Dₛₜₛₚ (GMM) 6.47 | Dₕ 0.285 | PE(20) 1.1020161 | α 0.769 | cond(B) 4.624 
      From worker 2:	[48_delayed_forcing_solar_shPLRNN_GTF_0.4_B50/CRSettings-ℳ_clippedShallowPLRNN-𝒪_Affine-M_48-H_800-B_50::001] Epoch 260/5000 took 90.71s | ETA 23:26:32 | ∑L 0.017846687 | Lₜᵣ 0.017546775 | Lᵣ 0.00029991122 | Dₛₜₛₚ (GMM) 7.106 | Dₕ 0.292 | PE(20) 1.1205165 | α 0.771 | cond(B) 4.445 
      From worker 2:	[48_delayed_forcing_solar_shPLRNN_GTF_0.4_B50/CRSettings-ℳ_clippedShallowPLRNN-𝒪_Affine-M_48-H_800-B_50::001] Epoch 265/5000 took 90.03s | ETA 23:08:41 | ∑L 0.020997858 | Lₜᵣ 0.020694137 | Lᵣ 0.00030372132 | Dₛₜₛₚ (GMM) 6.877 | Dₕ 0.279 | PE(20) 1.0997039 | α 0.771 | cond(B) 5.252 
      From worker 2:	[48_delayed_forcing_solar_shPLRNN_GTF_0.4_B50/CRSettings-ℳ_clippedShallowPLRNN-𝒪_Affine-M_48-H_800-B_50::001] Epoch 270/5000 took 91.42s | ETA 23:22:29 | ∑L 0.019799676 | Lₜᵣ 0.019491926 | Lᵣ 0.00030774952 | Dₛₜₛₚ (GMM) 9.001 | Dₕ 0.317 | PE(20) 1.117716 | α 0.774 | cond(B) 5.655 
      From worker 2:	[48_delayed_forcing_solar_shPLRNN_GTF_0.4_B50/CRSettings-ℳ_clippedShallowPLRNN-𝒪_Affine-M_48-H_800-B_50::001] Epoch 275/5000 took 89.87s | ETA 22:51:28 | ∑L 0.018475048 | Lₜᵣ 0.018163683 | Lᵣ 0.00031136494 | Dₛₜₛₚ (GMM) 7.591 | Dₕ 0.287 | PE(20) 1.1120815 | α 0.779 | cond(B) 5.291 
      From worker 2:	[48_delayed_forcing_solar_shPLRNN_GTF_0.4_B50/CRSettings-ℳ_clippedShallowPLRNN-𝒪_Affine-M_48-H_800-B_50::001] Epoch 280/5000 took 90.25s | ETA 22:47:47 | ∑L 0.019930882 | Lₜᵣ 0.019616194 | Lᵣ 0.00031468915 | Dₛₜₛₚ (GMM) 8.625 | Dₕ 0.323 | PE(20) 1.1270393 | α 0.78 | cond(B) 5.485 
      From worker 2:	[48_delayed_forcing_solar_shPLRNN_GTF_0.4_B50/CRSettings-ℳ_clippedShallowPLRNN-𝒪_Affine-M_48-H_800-B_50::001] Epoch 285/5000 took 90.52s | ETA 22:42:36 | ∑L 0.017927598 | Lₜᵣ 0.01760915 | Lᵣ 0.0003184482 | Dₛₜₛₚ (GMM) 6.731 | Dₕ 0.269 | PE(20) 1.119322 | α 0.785 | cond(B) 5.412 
      From worker 2:	[48_delayed_forcing_solar_shPLRNN_GTF_0.4_B50/CRSettings-ℳ_clippedShallowPLRNN-𝒪_Affine-M_48-H_800-B_50::001] Epoch 290/5000 took 90.37s | ETA 22:30:02 | ∑L 0.019164953 | Lₜᵣ 0.018843 | Lᵣ 0.00032195292 | Dₛₜₛₚ (GMM) 7.01 | Dₕ 0.291 | PE(20) 1.11404 | α 0.787 | cond(B) 5.125 
      From worker 2:	[48_delayed_forcing_solar_shPLRNN_GTF_0.4_B50/CRSettings-ℳ_clippedShallowPLRNN-𝒪_Affine-M_48-H_800-B_50::001] Epoch 295/5000 took 89.45s | ETA 22:04:10 | ∑L 0.019393532 | Lₜᵣ 0.019068165 | Lᵣ 0.00032536662 | Dₛₜₛₚ (GMM) 8.113 | Dₕ 0.312 | PE(20) 1.0906836 | α 0.789 | cond(B) 5.562 
      From worker 2:	[48_delayed_forcing_solar_shPLRNN_GTF_0.4_B50/CRSettings-ℳ_clippedShallowPLRNN-𝒪_Affine-M_48-H_800-B_50::001] Epoch 300/5000 took 89.92s | ETA 22:01:54 | ∑L 0.018796451 | Lₜᵣ 0.018467367 | Lᵣ 0.0003290841 | Dₛₜₛₚ (GMM) 6.985 | Dₕ 0.273 | PE(20) 1.0698918 | α 0.791 | cond(B) 5.73 
      From worker 2:	[48_delayed_forcing_solar_shPLRNN_GTF_0.4_B50/CRSettings-ℳ_clippedShallowPLRNN-𝒪_Affine-M_48-H_800-B_50::001] Epoch 305/5000 took 89.71s | ETA 21:47:00 | ∑L 0.017725218 | Lₜᵣ 0.017392581 | Lᵣ 0.00033263676 | Dₛₜₛₚ (GMM) 7.071 | Dₕ 0.306 | PE(20) 1.1201239 | α 0.795 | cond(B) 5.504 
      From worker 2:	[48_delayed_forcing_solar_shPLRNN_GTF_0.4_B50/CRSettings-ℳ_clippedShallowPLRNN-𝒪_Affine-M_48-H_800-B_50::001] Epoch 310/5000 took 89.33s | ETA 21:28:57 | ∑L 0.018362843 | Lₜᵣ 0.018026453 | Lᵣ 0.00033638973 | Dₛₜₛₚ (GMM) 6.786 | Dₕ 0.282 | PE(20) 1.1177633 | α 0.797 | cond(B) 5.512 
      From worker 2:	[48_delayed_forcing_solar_shPLRNN_GTF_0.4_B50/CRSettings-ℳ_clippedShallowPLRNN-𝒪_Affine-M_48-H_800-B_50::001] Epoch 315/5000 took 88.99s | ETA 21:11:04 | ∑L 0.018517556 | Lₜᵣ 0.018177344 | Lᵣ 0.0003402127 | Dₛₜₛₚ (GMM) 7.073 | Dₕ 0.31 | PE(20) 1.1876851 | α 0.798 | cond(B) 5.781 
      From worker 2:	[48_delayed_forcing_solar_shPLRNN_GTF_0.4_B50/CRSettings-ℳ_clippedShallowPLRNN-𝒪_Affine-M_48-H_800-B_50::001] Epoch 320/5000 took 89.56s | ETA 21:06:36 | ∑L 0.018589137 | Lₜᵣ 0.018245442 | Lᵣ 0.00034369572 | Dₛₜₛₚ (GMM) 7.551 | Dₕ 0.3 | PE(20) 1.1092019 | α 0.799 | cond(B) 6.026 
      From worker 2:	[48_delayed_forcing_solar_shPLRNN_GTF_0.4_B50/CRSettings-ℳ_clippedShallowPLRNN-𝒪_Affine-M_48-H_800-B_50::001] Epoch 325/5000 took 89.27s | ETA 20:48:39 | ∑L 0.0175447 | Lₜᵣ 0.017197758 | Lᵣ 0.0003469413 | Dₛₜₛₚ (GMM) 6.285 | Dₕ 0.294 | PE(20) 1.124671 | α 0.802 | cond(B) 5.715 
      From worker 2:	[48_delayed_forcing_solar_shPLRNN_GTF_0.4_B50/CRSettings-ℳ_clippedShallowPLRNN-𝒪_Affine-M_48-H_800-B_50::001] Epoch 330/5000 took 88.63s | ETA 20:23:14 | ∑L 0.01775329 | Lₜᵣ 0.017402904 | Lᵣ 0.00035038512 | Dₛₜₛₚ (GMM) 7.437 | Dₕ 0.292 | PE(20) 1.1186205 | α 0.804 | cond(B) 5.6 
      From worker 2:	[48_delayed_forcing_solar_shPLRNN_GTF_0.4_B50/CRSettings-ℳ_clippedShallowPLRNN-𝒪_Affine-M_48-H_800-B_50::001] Epoch 335/5000 took 88.4s | ETA 20:03:04 | ∑L 0.01989214 | Lₜᵣ 0.019538341 | Lᵣ 0.0003537981 | Dₛₜₛₚ (GMM) 7.445 | Dₕ 0.293 | PE(20) 1.1207111 | α 0.805 | cond(B) 5.86 
      From worker 2:	[48_delayed_forcing_solar_shPLRNN_GTF_0.4_B50/CRSettings-ℳ_clippedShallowPLRNN-𝒪_Affine-M_48-H_800-B_50::001] Epoch 340/5000 took 87.86s | ETA 19:37:55 | ∑L 0.018391283 | Lₜᵣ 0.018034205 | Lᵣ 0.00035707923 | Dₛₜₛₚ (GMM) 6.79 | Dₕ 0.331 | PE(20) 1.1140213 | α 0.807 | cond(B) 5.834 
      From worker 2:	[48_delayed_forcing_solar_shPLRNN_GTF_0.4_B50/CRSettings-ℳ_clippedShallowPLRNN-𝒪_Affine-M_48-H_800-B_50::001] Epoch 345/5000 took 87.83s | ETA 19:20:00 | ∑L 0.020215146 | Lₜᵣ 0.01985485 | Lᵣ 0.0003602967 | Dₛₜₛₚ (GMM) 7.462 | Dₕ 0.292 | PE(20) 1.1520104 | α 0.808 | cond(B) 5.938 
      From worker 2:	[48_delayed_forcing_solar_shPLRNN_GTF_0.4_B50/CRSettings-ℳ_clippedShallowPLRNN-𝒪_Affine-M_48-H_800-B_50::001] Epoch 350/5000 took 87.6s | ETA 19:01:31 | ∑L 0.017986696 | Lₜᵣ 0.017623229 | Lᵣ 0.00036346714 | Dₛₜₛₚ (GMM) 8.649 | Dₕ 0.314 | PE(20) 1.1466835 | α 0.811 | cond(B) 5.903 
      From worker 2:	[48_delayed_forcing_solar_shPLRNN_GTF_0.4_B50/CRSettings-ℳ_clippedShallowPLRNN-𝒪_Affine-M_48-H_800-B_50::001] Epoch 355/5000 took 87.58s | ETA 18:44:58 | ∑L 0.018679239 | Lₜᵣ 0.018312497 | Lᵣ 0.00036674237 | Dₛₜₛₚ (GMM) 7.502 | Dₕ 0.319 | PE(20) 1.1405194 | α 0.813 | cond(B) 5.941 
      From worker 2:	[48_delayed_forcing_solar_shPLRNN_GTF_0.4_B50/CRSettings-ℳ_clippedShallowPLRNN-𝒪_Affine-M_48-H_800-B_50::001] Epoch 360/5000 took 87.68s | ETA 18:30:16 | ∑L 0.019330988 | Lₜᵣ 0.018961258 | Lᵣ 0.00036972974 | Dₛₜₛₚ (GMM) 6.828 | Dₕ 0.294 | PE(20) 1.1238449 | α 0.814 | cond(B) 5.921 
      From worker 2:	[48_delayed_forcing_solar_shPLRNN_GTF_0.4_B50/CRSettings-ℳ_clippedShallowPLRNN-𝒪_Affine-M_48-H_800-B_50::001] Epoch 365/5000 took 88.3s | ETA 18:24:44 | ∑L 0.01897273 | Lₜᵣ 0.018599952 | Lᵣ 0.0003727778 | Dₛₜₛₚ (GMM) 7.075 | Dₕ 0.311 | PE(20) 1.1104386 | α 0.816 | cond(B) 6.078 
      From worker 2:	[48_delayed_forcing_solar_shPLRNN_GTF_0.4_B50/CRSettings-ℳ_clippedShallowPLRNN-𝒪_Affine-M_48-H_800-B_50::001] Epoch 370/5000 took 88.31s | ETA 18:09:41 | ∑L 0.017552843 | Lₜᵣ 0.017176995 | Lᵣ 0.00037584832 | Dₛₜₛₚ (GMM) 7.486 | Dₕ 0.284 | PE(20) 1.1164893 | α 0.817 | cond(B) 5.87 
      From worker 2:	[48_delayed_forcing_solar_shPLRNN_GTF_0.4_B50/CRSettings-ℳ_clippedShallowPLRNN-𝒪_Affine-M_48-H_800-B_50::001] Epoch 375/5000 took 88.68s | ETA 18:02:21 | ∑L 0.017897174 | Lₜᵣ 0.017518112 | Lᵣ 0.000379061 | Dₛₜₛₚ (GMM) 6.78 | Dₕ 0.285 | PE(20) 1.117341 | α 0.82 | cond(B) 5.888 
      From worker 2:	[48_delayed_forcing_solar_shPLRNN_GTF_0.4_B50/CRSettings-ℳ_clippedShallowPLRNN-𝒪_Affine-M_48-H_800-B_50::001] Epoch 380/5000 took 87.56s | ETA 17:33:43 | ∑L 0.018316897 | Lₜᵣ 0.017934574 | Lᵣ 0.00038232267 | Dₛₜₛₚ (GMM) 6.83 | Dₕ 0.282 | PE(20) 1.1030915 | α 0.82 | cond(B) 6.005 
      From worker 2:	[48_delayed_forcing_solar_shPLRNN_GTF_0.4_B50/CRSettings-ℳ_clippedShallowPLRNN-𝒪_Affine-M_48-H_800-B_50::001] Epoch 385/5000 took 87.45s | ETA 17:21:14 | ∑L 0.018302966 | Lₜᵣ 0.017917484 | Lᵣ 0.00038548213 | Dₛₜₛₚ (GMM) 7.587 | Dₕ 0.303 | PE(20) 1.1280086 | α 0.822 | cond(B) 6.031 
      From worker 2:	[48_delayed_forcing_solar_shPLRNN_GTF_0.4_B50/CRSettings-ℳ_clippedShallowPLRNN-𝒪_Affine-M_48-H_800-B_50::001] Epoch 390/5000 took 88.36s | ETA 17:24:57 | ∑L 0.019114707 | Lₜᵣ 0.01872616 | Lᵣ 0.000388545 | Dₛₜₛₚ (GMM) 7.072 | Dₕ 0.294 | PE(20) 1.1044393 | α 0.823 | cond(B) 6.097 
      From worker 2:	[48_delayed_forcing_solar_shPLRNN_GTF_0.4_B50/CRSettings-ℳ_clippedShallowPLRNN-𝒪_Affine-M_48-H_800-B_50::001] Epoch 395/5000 took 87.85s | ETA 17:08:11 | ∑L 0.018078493 | Lₜᵣ 0.017686794 | Lᵣ 0.0003917001 | Dₛₜₛₚ (GMM) 6.652 | Dₕ 0.288 | PE(20) 1.1117648 | α 0.824 | cond(B) 6.029 
      From worker 2:	[48_delayed_forcing_solar_shPLRNN_GTF_0.4_B50/CRSettings-ℳ_clippedShallowPLRNN-𝒪_Affine-M_48-H_800-B_50::001] Epoch 400/5000 took 88.28s | ETA 17:04:31 | ∑L 0.018363744 | Lₜᵣ 0.01796908 | Lᵣ 0.0003946655 | Dₛₜₛₚ (GMM) 7.783 | Dₕ 0.298 | PE(20) 1.1175798 | α 0.825 | cond(B) 6.057 
      From worker 2:	[48_delayed_forcing_solar_shPLRNN_GTF_0.4_B50/CRSettings-ℳ_clippedShallowPLRNN-𝒪_Affine-M_48-H_800-B_50::001] Epoch 405/5000 took 88.76s | ETA 17:03:07 | ∑L 0.01844026 | Lₜᵣ 0.018042631 | Lᵣ 0.0003976279 | Dₛₜₛₚ (GMM) 7.547 | Dₕ 0.308 | PE(20) 1.1393565 | α 0.827 | cond(B) 6.037 
      From worker 2:	[48_delayed_forcing_solar_shPLRNN_GTF_0.4_B50/CRSettings-ℳ_clippedShallowPLRNN-𝒪_Affine-M_48-H_800-B_50::001] Epoch 410/5000 took 88.66s | ETA 16:53:05 | ∑L 0.019094147 | Lₜᵣ 0.018693643 | Lᵣ 0.0004005037 | Dₛₜₛₚ (GMM) 6.559 | Dₕ 0.291 | PE(20) 1.0992025 | α 0.828 | cond(B) 5.991 
      From worker 2:	[48_delayed_forcing_solar_shPLRNN_GTF_0.4_B50/CRSettings-ℳ_clippedShallowPLRNN-𝒪_Affine-M_48-H_800-B_50::001] Epoch 415/5000 took 87.62s | ETA 16:27:24 | ∑L 0.017204076 | Lₜᵣ 0.016800655 | Lᵣ 0.0004034201 | Dₛₜₛₚ (GMM) 7.077 | Dₕ 0.303 | PE(20) 1.1309947 | α 0.829 | cond(B) 6.065 
      From worker 2:	[48_delayed_forcing_solar_shPLRNN_GTF_0.4_B50/CRSettings-ℳ_clippedShallowPLRNN-𝒪_Affine-M_48-H_800-B_50::001] Epoch 420/5000 took 87.41s | ETA 16:14:55 | ∑L 0.018231153 | Lₜᵣ 0.017824749 | Lᵣ 0.00040640522 | Dₛₜₛₚ (GMM) 7.009 | Dₕ 0.316 | PE(20) 1.1148741 | α 0.83 | cond(B) 6.007 
      From worker 2:	[48_delayed_forcing_solar_shPLRNN_GTF_0.4_B50/CRSettings-ℳ_clippedShallowPLRNN-𝒪_Affine-M_48-H_800-B_50::001] Epoch 425/5000 took 88.19s | ETA 16:17:48 | ∑L 0.018990098 | Lₜᵣ 0.01858083 | Lᵣ 0.00040926755 | Dₛₜₛₚ (GMM) 7.275 | Dₕ 0.275 | PE(20) 1.1013457 | α 0.832 | cond(B) 6.013 
      From worker 2:	[48_delayed_forcing_solar_shPLRNN_GTF_0.4_B50/CRSettings-ℳ_clippedShallowPLRNN-𝒪_Affine-M_48-H_800-B_50::001] Epoch 430/5000 took 88.05s | ETA 16:07:18 | ∑L 0.018281741 | Lₜᵣ 0.01786972 | Lᵣ 0.00041202057 | Dₛₜₛₚ (GMM) 7.765 | Dₕ 0.324 | PE(20) 1.1294558 | α 0.832 | cond(B) 6.17 
      From worker 2:	[48_delayed_forcing_solar_shPLRNN_GTF_0.4_B50/CRSettings-ℳ_clippedShallowPLRNN-𝒪_Affine-M_48-H_800-B_50::001] Epoch 435/5000 took 88.51s | ETA 16:06:09 | ∑L 0.017812563 | Lₜᵣ 0.017397597 | Lᵣ 0.0004149651 | Dₛₜₛₚ (GMM) 7.67 | Dₕ 0.299 | PE(20) 1.1241748 | α 0.834 | cond(B) 6.1 
      From worker 2:	[48_delayed_forcing_solar_shPLRNN_GTF_0.4_B50/CRSettings-ℳ_clippedShallowPLRNN-𝒪_Affine-M_48-H_800-B_50::001] Epoch 440/5000 took 88.24s | ETA 15:55:05 | ∑L 0.018330172 | Lₜᵣ 0.01791223 | Lᵣ 0.0004179417 | Dₛₜₛₚ (GMM) 7.715 | Dₕ 0.304 | PE(20) 1.1386085 | α 0.835 | cond(B) 6.114 
      From worker 2:	[48_delayed_forcing_solar_shPLRNN_GTF_0.4_B50/CRSettings-ℳ_clippedShallowPLRNN-𝒪_Affine-M_48-H_800-B_50::001] Epoch 445/5000 took 88.78s | ETA 15:54:41 | ∑L 0.019814946 | Lₜᵣ 0.019394273 | Lᵣ 0.00042067366 | Dₛₜₛₚ (GMM) 8.55 | Dₕ 0.316 | PE(20) 1.1421404 | α 0.836 | cond(B) 6.238 
      From worker 2:	[48_delayed_forcing_solar_shPLRNN_GTF_0.4_B50/CRSettings-ℳ_clippedShallowPLRNN-𝒪_Affine-M_48-H_800-B_50::001] Epoch 450/5000 took 88.66s | ETA 15:44:38 | ∑L 0.01798401 | Lₜᵣ 0.017560624 | Lᵣ 0.0004233863 | Dₛₜₛₚ (GMM) 7.037 | Dₕ 0.286 | PE(20) 1.1329803 | α 0.837 | cond(B) 6.197 
      From worker 2:	[48_delayed_forcing_solar_shPLRNN_GTF_0.4_B50/CRSettings-ℳ_clippedShallowPLRNN-𝒪_Affine-M_48-H_800-B_50::001] Epoch 455/5000 took 88.13s | ETA 15:29:25 | ∑L 0.018001916 | Lₜᵣ 0.017575892 | Lᵣ 0.0004260239 | Dₛₜₛₚ (GMM) 7.249 | Dₕ 0.293 | PE(20) 1.1257348 | α 0.838 | cond(B) 6.079 
      From worker 2:	[48_delayed_forcing_solar_shPLRNN_GTF_0.4_B50/CRSettings-ℳ_clippedShallowPLRNN-𝒪_Affine-M_48-H_800-B_50::001] Epoch 460/5000 took 87.57s | ETA 15:13:21 | ∑L 0.01806456 | Lₜᵣ 0.017635634 | Lᵣ 0.00042892687 | Dₛₜₛₚ (GMM) 6.956 | Dₕ 0.304 | PE(20) 1.1446786 | α 0.839 | cond(B) 6.301 
      From worker 2:	[48_delayed_forcing_solar_shPLRNN_GTF_0.4_B50/CRSettings-ℳ_clippedShallowPLRNN-𝒪_Affine-M_48-H_800-B_50::001] Epoch 465/5000 took 88.12s | ETA 15:13:56 | ∑L 0.017844006 | Lₜᵣ 0.01741236 | Lᵣ 0.00043164563 | Dₛₜₛₚ (GMM) 7.545 | Dₕ 0.316 | PE(20) 1.1227547 | α 0.84 | cond(B) 6.157 
      From worker 2:	[48_delayed_forcing_solar_shPLRNN_GTF_0.4_B50/CRSettings-ℳ_clippedShallowPLRNN-𝒪_Affine-M_48-H_800-B_50::001] Epoch 470/5000 took 88.15s | ETA 15:06:14 | ∑L 0.019174235 | Lₜᵣ 0.018739866 | Lᵣ 0.00043436832 | Dₛₜₛₚ (GMM) 7.28 | Dₕ 0.307 | PE(20) 1.1400529 | α 0.841 | cond(B) 6.15 
      From worker 2:	[48_delayed_forcing_solar_shPLRNN_GTF_0.4_B50/CRSettings-ℳ_clippedShallowPLRNN-𝒪_Affine-M_48-H_800-B_50::001] Epoch 475/5000 took 88.05s | ETA 14:56:38 | ∑L 0.018053023 | Lₜᵣ 0.017616032 | Lᵣ 0.0004369918 | Dₛₜₛₚ (GMM) 7.079 | Dₕ 0.31 | PE(20) 1.1245154 | α 0.841 | cond(B) 6.209 
      From worker 2:	[48_delayed_forcing_solar_shPLRNN_GTF_0.4_B50/CRSettings-ℳ_clippedShallowPLRNN-𝒪_Affine-M_48-H_800-B_50::001] Epoch 480/5000 took 88.89s | ETA 15:00:14 | ∑L 0.018355787 | Lₜᵣ 0.017916063 | Lᵣ 0.0004397241 | Dₛₜₛₚ (GMM) 7.2 | Dₕ 0.322 | PE(20) 1.1503005 | α 0.842 | cond(B) 6.268 
      From worker 2:	[48_delayed_forcing_solar_shPLRNN_GTF_0.4_B50/CRSettings-ℳ_clippedShallowPLRNN-𝒪_Affine-M_48-H_800-B_50::001] Epoch 485/5000 took 88.78s | ETA 14:50:08 | ∑L 0.018627822 | Lₜᵣ 0.018185606 | Lᵣ 0.00044221705 | Dₛₜₛₚ (GMM) 6.981 | Dₕ 0.298 | PE(20) 1.1375719 | α 0.843 | cond(B) 6.207 
      From worker 2:	[48_delayed_forcing_solar_shPLRNN_GTF_0.4_B50/CRSettings-ℳ_clippedShallowPLRNN-𝒪_Affine-M_48-H_800-B_50::001] Epoch 490/5000 took 87.86s | ETA 14:27:25 | ∑L 0.018588709 | Lₜᵣ 0.01814384 | Lᵣ 0.00044486794 | Dₛₜₛₚ (GMM) 6.8 | Dₕ 0.303 | PE(20) 1.1100562 | α 0.844 | cond(B) 6.268 
      From worker 2:	[48_delayed_forcing_solar_shPLRNN_GTF_0.4_B50/CRSettings-ℳ_clippedShallowPLRNN-𝒪_Affine-M_48-H_800-B_50::001] Epoch 495/5000 took 88.55s | ETA 14:26:53 | ∑L 0.018511027 | Lₜᵣ 0.018063424 | Lᵣ 0.00044760358 | Dₛₜₛₚ (GMM) 6.927 | Dₕ 0.305 | PE(20) 1.1345845 | α 0.846 | cond(B) 6.253 
      From worker 2:	[48_delayed_forcing_solar_shPLRNN_GTF_0.4_B50/CRSettings-ℳ_clippedShallowPLRNN-𝒪_Affine-M_48-H_800-B_50::001] Epoch 500/5000 took 88.23s | ETA 14:14:41 | ∑L 0.01838348 | Lₜᵣ 0.017933322 | Lᵣ 0.0004501594 | Dₛₜₛₚ (GMM) 8.663 | Dₕ 0.342 | PE(20) 1.1293638 | α 0.846 | cond(B) 6.422 
      From worker 2:	[48_delayed_forcing_solar_shPLRNN_GTF_0.4_B50/CRSettings-ℳ_clippedShallowPLRNN-𝒪_Affine-M_48-H_800-B_50::001] Epoch 505/5000 took 87.85s | ETA 14:01:49 | ∑L 0.017522495 | Lₜᵣ 0.017069925 | Lᵣ 0.00045257082 | Dₛₜₛₚ (GMM) 7.314 | Dₕ 0.313 | PE(20) 1.1250246 | α 0.847 | cond(B) 6.299 
      From worker 2:	[48_delayed_forcing_solar_shPLRNN_GTF_0.4_B50/CRSettings-ℳ_clippedShallowPLRNN-𝒪_Affine-M_48-H_800-B_50::001] Epoch 510/5000 took 87.57s | ETA 13:50:01 | ∑L 0.017947556 | Lₜᵣ 0.017492494 | Lᵣ 0.00045506368 | Dₛₜₛₚ (GMM) 6.978 | Dₕ 0.31 | PE(20) 1.1470363 | α 0.847 | cond(B) 6.328 
      From worker 2:	[48_delayed_forcing_solar_shPLRNN_GTF_0.4_B50/CRSettings-ℳ_clippedShallowPLRNN-𝒪_Affine-M_48-H_800-B_50::001] Epoch 515/5000 took 88.25s | ETA 13:53:55 | ∑L 0.017910335 | Lₜᵣ 0.017452536 | Lᵣ 0.00045779833 | Dₛₜₛₚ (GMM) 6.992 | Dₕ 0.273 | PE(20) 1.1421305 | α 0.848 | cond(B) 6.479 
      From worker 2:	[48_delayed_forcing_solar_shPLRNN_GTF_0.4_B50/CRSettings-ℳ_clippedShallowPLRNN-𝒪_Affine-M_48-H_800-B_50::001] Epoch 520/5000 took 88.88s | ETA 13:56:27 | ∑L 0.018263474 | Lₜᵣ 0.01780326 | Lᵣ 0.0004602153 | Dₛₜₛₚ (GMM) 6.839 | Dₕ 0.293 | PE(20) 1.1289247 | α 0.849 | cond(B) 6.444 
      From worker 2:	[48_delayed_forcing_solar_shPLRNN_GTF_0.4_B50/CRSettings-ℳ_clippedShallowPLRNN-𝒪_Affine-M_48-H_800-B_50::001] Epoch 525/5000 took 88.31s | ETA 13:39:17 | ∑L 0.017784635 | Lₜᵣ 0.01732198 | Lᵣ 0.0004626558 | Dₛₜₛₚ (GMM) 7.203 | Dₕ 0.308 | PE(20) 1.1527237 | α 0.85 | cond(B) 6.341 
      From worker 2:	[48_delayed_forcing_solar_shPLRNN_GTF_0.4_B50/CRSettings-ℳ_clippedShallowPLRNN-𝒪_Affine-M_48-H_800-B_50::001] Epoch 530/5000 took 88.35s | ETA 13:31:25 | ∑L 0.017987393 | Lₜᵣ 0.017522562 | Lᵣ 0.00046483002 | Dₛₜₛₚ (GMM) 7.265 | Dₕ 0.307 | PE(20) 1.1264796 | α 0.85 | cond(B) 6.396 
      From worker 2:	[48_delayed_forcing_solar_shPLRNN_GTF_0.4_B50/CRSettings-ℳ_clippedShallowPLRNN-𝒪_Affine-M_48-H_800-B_50::001] Epoch 535/5000 took 88.15s | ETA 13:20:13 | ∑L 0.017991811 | Lₜᵣ 0.0175244 | Lᵣ 0.00046741008 | Dₛₜₛₚ (GMM) 7.542 | Dₕ 0.315 | PE(20) 1.141629 | α 0.851 | cond(B) 6.414 
      From worker 2:	[48_delayed_forcing_solar_shPLRNN_GTF_0.4_B50/CRSettings-ℳ_clippedShallowPLRNN-𝒪_Affine-M_48-H_800-B_50::001] Epoch 540/5000 took 88.25s | ETA 13:12:17 | ∑L 0.018678268 | Lₜᵣ 0.018208208 | Lᵣ 0.0004700606 | Dₛₜₛₚ (GMM) 6.711 | Dₕ 0.282 | PE(20) 1.1411511 | α 0.853 | cond(B) 6.345 
      From worker 2:	[48_delayed_forcing_solar_shPLRNN_GTF_0.4_B50/CRSettings-ℳ_clippedShallowPLRNN-𝒪_Affine-M_48-H_800-B_50::001] Epoch 545/5000 took 88.01s | ETA 13:01:45 | ∑L 0.018587302 | Lₜᵣ 0.01811477 | Lᵣ 0.00047253328 | Dₛₜₛₚ (GMM) 7.115 | Dₕ 0.291 | PE(20) 1.1250088 | α 0.852 | cond(B) 6.462 
      From worker 2:	[48_delayed_forcing_solar_shPLRNN_GTF_0.4_B50/CRSettings-ℳ_clippedShallowPLRNN-𝒪_Affine-M_48-H_800-B_50::001] Epoch 550/5000 took 87.79s | ETA 12:51:54 | ∑L 0.018804409 | Lₜᵣ 0.018329654 | Lᵣ 0.00047475452 | Dₛₜₛₚ (GMM) 6.794 | Dₕ 0.29 | PE(20) 1.156921 | α 0.854 | cond(B) 6.51 
      From worker 2:	[48_delayed_forcing_solar_shPLRNN_GTF_0.4_B50/CRSettings-ℳ_clippedShallowPLRNN-𝒪_Affine-M_48-H_800-B_50::001] Epoch 555/5000 took 87.6s | ETA 12:42:37 | ∑L 0.01798371 | Lₜᵣ 0.017506557 | Lᵣ 0.00047715392 | Dₛₜₛₚ (GMM) 6.428 | Dₕ 0.293 | PE(20) 1.1243355 | α 0.854 | cond(B) 6.493 
      From worker 2:	[48_delayed_forcing_solar_shPLRNN_GTF_0.4_B50/CRSettings-ℳ_clippedShallowPLRNN-𝒪_Affine-M_48-H_800-B_50::001] Epoch 560/5000 took 87.3s | ETA 12:31:08 | ∑L 0.018523136 | Lₜᵣ 0.018043546 | Lᵣ 0.00047959073 | Dₛₜₛₚ (GMM) 6.953 | Dₕ 0.282 | PE(20) 1.1481149 | α 0.855 | cond(B) 6.605 
      From worker 2:	[48_delayed_forcing_solar_shPLRNN_GTF_0.4_B50/CRSettings-ℳ_clippedShallowPLRNN-𝒪_Affine-M_48-H_800-B_50::001] Epoch 565/5000 took 87.73s | ETA 12:28:32 | ∑L 0.0183715 | Lₜᵣ 0.01788974 | Lᵣ 0.00048175975 | Dₛₜₛₚ (GMM) 8.235 | Dₕ 0.312 | PE(20) 1.1371744 | α 0.855 | cond(B) 6.5 
      From worker 2:	[48_delayed_forcing_solar_shPLRNN_GTF_0.4_B50/CRSettings-ℳ_clippedShallowPLRNN-𝒪_Affine-M_48-H_800-B_50::001] Epoch 570/5000 took 88.05s | ETA 12:25:31 | ∑L 0.018673291 | Lₜᵣ 0.01818928 | Lᵣ 0.00048401149 | Dₛₜₛₚ (GMM) 7.073 | Dₕ 0.284 | PE(20) 1.1159197 | α 0.856 | cond(B) 6.583 
      From worker 2:	[48_delayed_forcing_solar_shPLRNN_GTF_0.4_B50/CRSettings-ℳ_clippedShallowPLRNN-𝒪_Affine-M_48-H_800-B_50::001] Epoch 575/5000 took 88.14s | ETA 12:18:11 | ∑L 0.01869536 | Lₜᵣ 0.018209064 | Lᵣ 0.00048629628 | Dₛₜₛₚ (GMM) 6.909 | Dₕ 0.296 | PE(20) 1.1327763 | α 0.857 | cond(B) 6.607 
      From worker 2:	[48_delayed_forcing_solar_shPLRNN_GTF_0.4_B50/CRSettings-ℳ_clippedShallowPLRNN-𝒪_Affine-M_48-H_800-B_50::001] Epoch 580/5000 took 87.87s | ETA 12:05:20 | ∑L 0.01859923 | Lₜᵣ 0.018110657 | Lᵣ 0.0004885737 | Dₛₜₛₚ (GMM) 7.399 | Dₕ 0.324 | PE(20) 1.1453093 | α 0.857 | cond(B) 6.573 
      From worker 2:	[48_delayed_forcing_solar_shPLRNN_GTF_0.4_B50/CRSettings-ℳ_clippedShallowPLRNN-𝒪_Affine-M_48-H_800-B_50::001] Epoch 585/5000 took 87.13s | ETA 11:46:38 | ∑L 0.018012222 | Lₜᵣ 0.017521532 | Lᵣ 0.0004906903 | Dₛₜₛₚ (GMM) 6.492 | Dₕ 0.264 | PE(20) 1.1078444 | α 0.858 | cond(B) 6.5 
      From worker 2:	[48_delayed_forcing_solar_shPLRNN_GTF_0.4_B50/CRSettings-ℳ_clippedShallowPLRNN-𝒪_Affine-M_48-H_800-B_50::001] Epoch 590/5000 took 88.32s | ETA 11:54:36 | ∑L 0.017851453 | Lₜᵣ 0.017358439 | Lᵣ 0.0004930143 | Dₛₜₛₚ (GMM) 7.231 | Dₕ 0.297 | PE(20) 1.1297268 | α 0.859 | cond(B) 6.512 
      From worker 2:	[48_delayed_forcing_solar_shPLRNN_GTF_0.4_B50/CRSettings-ℳ_clippedShallowPLRNN-𝒪_Affine-M_48-H_800-B_50::001] Epoch 595/5000 took 88.12s | ETA 11:43:19 | ∑L 0.017653696 | Lₜᵣ 0.0171584 | Lᵣ 0.0004952968 | Dₛₜₛₚ (GMM) 7.084 | Dₕ 0.305 | PE(20) 1.143525 | α 0.859 | cond(B) 6.538 
      From worker 2:	[48_delayed_forcing_solar_shPLRNN_GTF_0.4_B50/CRSettings-ℳ_clippedShallowPLRNN-𝒪_Affine-M_48-H_800-B_50::001] Epoch 600/5000 took 88.02s | ETA 11:34:27 | ∑L 0.018396001 | Lₜᵣ 0.017898547 | Lᵣ 0.0004974544 | Dₛₜₛₚ (GMM) 8.848 | Dₕ 0.333 | PE(20) 1.1423066 | α 0.859 | cond(B) 6.491 
      From worker 2:	[48_delayed_forcing_solar_shPLRNN_GTF_0.4_B50/CRSettings-ℳ_clippedShallowPLRNN-𝒪_Affine-M_48-H_800-B_50::001] Epoch 605/5000 took 87.55s | ETA 11:19:01 | ∑L 0.018246062 | Lₜᵣ 0.017746562 | Lᵣ 0.0004994993 | Dₛₜₛₚ (GMM) 6.831 | Dₕ 0.285 | PE(20) 1.1495794 | α 0.86 | cond(B) 6.551 
      From worker 2:	[48_delayed_forcing_solar_shPLRNN_GTF_0.4_B50/CRSettings-ℳ_clippedShallowPLRNN-𝒪_Affine-M_48-H_800-B_50::001] Epoch 610/5000 took 87.82s | ETA 11:15:28 | ∑L 0.018292148 | Lₜᵣ 0.017790325 | Lᵣ 0.0005018219 | Dₛₜₛₚ (GMM) 7.972 | Dₕ 0.303 | PE(20) 1.1263235 | α 0.86 | cond(B) 6.652 
      From worker 2:	[48_delayed_forcing_solar_shPLRNN_GTF_0.4_B50/CRSettings-ℳ_clippedShallowPLRNN-𝒪_Affine-M_48-H_800-B_50::001] Epoch 615/5000 took 87.57s | ETA 11:03:49 | ∑L 0.018914903 | Lₜᵣ 0.018410916 | Lᵣ 0.00050398643 | Dₛₜₛₚ (GMM) 7.357 | Dₕ 0.32 | PE(20) 1.155714 | α 0.861 | cond(B) 6.638 
      From worker 2:	[48_delayed_forcing_solar_shPLRNN_GTF_0.4_B50/CRSettings-ℳ_clippedShallowPLRNN-𝒪_Affine-M_48-H_800-B_50::001] Epoch 620/5000 took 88.63s | ETA 11:11:31 | ∑L 0.018873658 | Lₜᵣ 0.01836755 | Lᵣ 0.0005061081 | Dₛₜₛₚ (GMM) 6.987 | Dₕ 0.286 | PE(20) 1.1096605 | α 0.863 | cond(B) 6.595 
      From worker 2:	[48_delayed_forcing_solar_shPLRNN_GTF_0.4_B50/CRSettings-ℳ_clippedShallowPLRNN-𝒪_Affine-M_48-H_800-B_50::001] Epoch 625/5000 took 87.89s | ETA 10:53:23 | ∑L 0.018214684 | Lₜᵣ 0.017706513 | Lᵣ 0.00050817104 | Dₛₜₛₚ (GMM) 7.296 | Dₕ 0.312 | PE(20) 1.1364155 | α 0.863 | cond(B) 6.559 
      From worker 2:	[48_delayed_forcing_solar_shPLRNN_GTF_0.4_B50/CRSettings-ℳ_clippedShallowPLRNN-𝒪_Affine-M_48-H_800-B_50::001] Epoch 630/5000 took 88.48s | ETA 10:55:32 | ∑L 0.018845417 | Lₜᵣ 0.01833509 | Lᵣ 0.0005103266 | Dₛₜₛₚ (GMM) 8.23 | Dₕ 0.349 | PE(20) 1.1273614 | α 0.863 | cond(B) 6.646 
      From worker 2:	[48_delayed_forcing_solar_shPLRNN_GTF_0.4_B50/CRSettings-ℳ_clippedShallowPLRNN-𝒪_Affine-M_48-H_800-B_50::001] Epoch 635/5000 took 105.62s | ETA 15:05:55 | ∑L 0.018203964 | Lₜᵣ 0.017691817 | Lᵣ 0.00051214744 | Dₛₜₛₚ (GMM) 7.789 | Dₕ 0.337 | PE(20) 1.1565384 | α 0.863 | cond(B) 6.628 
      From worker 2:	[48_delayed_forcing_solar_shPLRNN_GTF_0.4_B50/CRSettings-ℳ_clippedShallowPLRNN-𝒪_Affine-M_48-H_800-B_50::001] Epoch 640/5000 took 106.26s | ETA 16:05:52 | ∑L 0.018298864 | Lₜᵣ 0.017784592 | Lᵣ 0.00051427353 | Dₛₜₛₚ (GMM) 7.663 | Dₕ 0.323 | PE(20) 1.1424146 | α 0.864 | cond(B) 6.642 
      From worker 2:	[48_delayed_forcing_solar_shPLRNN_GTF_0.4_B50/CRSettings-ℳ_clippedShallowPLRNN-𝒪_Affine-M_48-H_800-B_50::001] Epoch 645/5000 took 105.72s | ETA 17:00:43 | ∑L 0.01826232 | Lₜᵣ 0.017745921 | Lᵣ 0.0005163982 | Dₛₜₛₚ (GMM) 6.831 | Dₕ 0.281 | PE(20) 1.1259089 | α 0.865 | cond(B) 6.677 
      From worker 2:	[48_delayed_forcing_solar_shPLRNN_GTF_0.4_B50/CRSettings-ℳ_clippedShallowPLRNN-𝒪_Affine-M_48-H_800-B_50::001] Epoch 650/5000 took 105.54s | ETA 18:15:26 | ∑L 0.018651115 | Lₜᵣ 0.018132566 | Lᵣ 0.0005185495 | Dₛₜₛₚ (GMM) 7.411 | Dₕ 0.321 | PE(20) 1.1443927 | α 0.865 | cond(B) 6.818 
      From worker 2:	[48_delayed_forcing_solar_shPLRNN_GTF_0.4_B50/CRSettings-ℳ_clippedShallowPLRNN-𝒪_Affine-M_48-H_800-B_50::001] Epoch 655/5000 took 105.92s | ETA 19:46:46 | ∑L 0.017309602 | Lₜᵣ 0.016789054 | Lᵣ 0.0005205486 | Dₛₜₛₚ (GMM) 7.237 | Dₕ 0.311 | PE(20) 1.140922 | α 0.866 | cond(B) 6.684 
      From worker 2:	[48_delayed_forcing_solar_shPLRNN_GTF_0.4_B50/CRSettings-ℳ_clippedShallowPLRNN-𝒪_Affine-M_48-H_800-B_50::001] Epoch 660/5000 took 106.04s | ETA 20:42:14 | ∑L 0.017559689 | Lₜᵣ 0.017037177 | Lᵣ 0.00052251125 | Dₛₜₛₚ (GMM) 7.118 | Dₕ 0.282 | PE(20) 1.1175028 | α 0.866 | cond(B) 6.861 
      From worker 2:	[48_delayed_forcing_solar_shPLRNN_GTF_0.4_B50/CRSettings-ℳ_clippedShallowPLRNN-𝒪_Affine-M_48-H_800-B_50::001] Epoch 665/5000 took 105.1s | ETA 21:22:16 | ∑L 0.017709956 | Lₜᵣ 0.017185358 | Lᵣ 0.00052459806 | Dₛₜₛₚ (GMM) 7.385 | Dₕ 0.317 | PE(20) 1.1403067 | α 0.867 | cond(B) 6.806 
      From worker 2:	[48_delayed_forcing_solar_shPLRNN_GTF_0.4_B50/CRSettings-ℳ_clippedShallowPLRNN-𝒪_Affine-M_48-H_800-B_50::001] Epoch 670/5000 took 104.83s | ETA 22:07:18 | ∑L 0.017961232 | Lₜᵣ 0.017434802 | Lᵣ 0.00052642956 | Dₛₜₛₚ (GMM) 7.82 | Dₕ 0.323 | PE(20) 1.1253071 | α 0.867 | cond(B) 6.741 
      From worker 2:	[48_delayed_forcing_solar_shPLRNN_GTF_0.4_B50/CRSettings-ℳ_clippedShallowPLRNN-𝒪_Affine-M_48-H_800-B_50::001] Epoch 675/5000 took 105.14s | ETA 22:55:16 | ∑L 0.018422665 | Lₜᵣ 0.017894343 | Lᵣ 0.00052832294 | Dₛₜₛₚ (GMM) 7.873 | Dₕ 0.319 | PE(20) 1.1461204 | α 0.867 | cond(B) 6.742 
      From worker 2:	[48_delayed_forcing_solar_shPLRNN_GTF_0.4_B50/CRSettings-ℳ_clippedShallowPLRNN-𝒪_Affine-M_48-H_800-B_50::001] Epoch 680/5000 took 105.17s | ETA 23:31:18 | ∑L 0.017449085 | Lₜᵣ 0.016918633 | Lᵣ 0.00053045136 | Dₛₜₛₚ (GMM) 7.961 | Dₕ 0.323 | PE(20) 1.1717244 | α 0.868 | cond(B) 6.793 
      From worker 2:	[48_delayed_forcing_solar_shPLRNN_GTF_0.4_B50/CRSettings-ℳ_clippedShallowPLRNN-𝒪_Affine-M_48-H_800-B_50::001] Epoch 685/5000 took 105.24s | ETA 00:04:34 | ∑L 0.01832421 | Lₜᵣ 0.017791837 | Lᵣ 0.00053237274 | Dₛₜₛₚ (GMM) 6.911 | Dₕ 0.287 | PE(20) 1.1229434 | α 0.868 | cond(B) 6.909 
      From worker 2:	[48_delayed_forcing_solar_shPLRNN_GTF_0.4_B50/CRSettings-ℳ_clippedShallowPLRNN-𝒪_Affine-M_48-H_800-B_50::001] Epoch 690/5000 took 105.54s | ETA 00:39:03 | ∑L 0.01728387 | Lₜᵣ 0.016749458 | Lᵣ 0.00053441117 | Dₛₜₛₚ (GMM) 6.123 | Dₕ 0.264 | PE(20) 1.1515789 | α 0.869 | cond(B) 6.906 
      From worker 2:	[48_delayed_forcing_solar_shPLRNN_GTF_0.4_B50/CRSettings-ℳ_clippedShallowPLRNN-𝒪_Affine-M_48-H_800-B_50::001] Epoch 695/5000 took 105.05s | ETA 00:58:21 | ∑L 0.018822506 | Lₜᵣ 0.018286223 | Lᵣ 0.00053628255 | Dₛₜₛₚ (GMM) 7.52 | Dₕ 0.315 | PE(20) 1.1514904 | α 0.869 | cond(B) 6.87 
      From worker 2:	[48_delayed_forcing_solar_shPLRNN_GTF_0.4_B50/CRSettings-ℳ_clippedShallowPLRNN-𝒪_Affine-M_48-H_800-B_50::001] Epoch 700/5000 took 105.7s | ETA 01:30:04 | ∑L 0.01774187 | Lₜᵣ 0.017203683 | Lᵣ 0.00053818745 | Dₛₜₛₚ (GMM) 7.767 | Dₕ 0.341 | PE(20) 1.139201 | α 0.869 | cond(B) 6.915 
      From worker 2:	[48_delayed_forcing_solar_shPLRNN_GTF_0.4_B50/CRSettings-ℳ_clippedShallowPLRNN-𝒪_Affine-M_48-H_800-B_50::001] Epoch 705/5000 took 105.7s | ETA 01:51:19 | ∑L 0.018430261 | Lₜᵣ 0.017890269 | Lᵣ 0.0005399918 | Dₛₜₛₚ (GMM) 8.166 | Dₕ 0.312 | PE(20) 1.1615373 | α 0.87 | cond(B) 6.829 
      From worker 2:	[48_delayed_forcing_solar_shPLRNN_GTF_0.4_B50/CRSettings-ℳ_clippedShallowPLRNN-𝒪_Affine-M_48-H_800-B_50::001] Epoch 710/5000 took 106.2s | ETA 02:15:07 | ∑L 0.018098576 | Lₜᵣ 0.01755702 | Lᵣ 0.0005415566 | Dₛₜₛₚ (GMM) 7.95 | Dₕ 0.321 | PE(20) 1.1838086 | α 0.87 | cond(B) 6.782 
      From worker 2:	[48_delayed_forcing_solar_shPLRNN_GTF_0.4_B50/CRSettings-ℳ_clippedShallowPLRNN-𝒪_Affine-M_48-H_800-B_50::001] Epoch 715/5000 took 105.79s | ETA 02:23:47 | ∑L 0.017377859 | Lₜᵣ 0.016834414 | Lᵣ 0.00054344506 | Dₛₜₛₚ (GMM) 7.04 | Dₕ 0.298 | PE(20) 1.142188 | α 0.871 | cond(B) 6.846 
      From worker 2:	[48_delayed_forcing_solar_shPLRNN_GTF_0.4_B50/CRSettings-ℳ_clippedShallowPLRNN-𝒪_Affine-M_48-H_800-B_50::001] Epoch 720/5000 took 105.01s | ETA 02:24:28 | ∑L 0.01780293 | Lₜᵣ 0.017257556 | Lᵣ 0.0005453725 | Dₛₜₛₚ (GMM) 7.526 | Dₕ 0.333 | PE(20) 1.1658689 | α 0.871 | cond(B) 6.864 
      From worker 2:	[48_delayed_forcing_solar_shPLRNN_GTF_0.4_B50/CRSettings-ℳ_clippedShallowPLRNN-𝒪_Affine-M_48-H_800-B_50::001] Epoch 725/5000 took 105.54s | ETA 02:40:09 | ∑L 0.017722134 | Lₜᵣ 0.017174862 | Lᵣ 0.00054727145 | Dₛₜₛₚ (GMM) 7.202 | Dₕ 0.301 | PE(20) 1.1347562 | α 0.872 | cond(B) 6.847 
      From worker 2:	[48_delayed_forcing_solar_shPLRNN_GTF_0.4_B50/CRSettings-ℳ_clippedShallowPLRNN-𝒪_Affine-M_48-H_800-B_50::001] Epoch 730/5000 took 105.67s | ETA 02:48:42 | ∑L 0.018197613 | Lₜᵣ 0.017648427 | Lᵣ 0.0005491865 | Dₛₜₛₚ (GMM) 7.149 | Dₕ 0.295 | PE(20) 1.1155612 | α 0.872 | cond(B) 6.927 
      From worker 2:	[48_delayed_forcing_solar_shPLRNN_GTF_0.4_B50/CRSettings-ℳ_clippedShallowPLRNN-𝒪_Affine-M_48-H_800-B_50::001] Epoch 735/5000 took 105.1s | ETA 02:45:55 | ∑L 0.01760833 | Lₜᵣ 0.01705743 | Lᵣ 0.00055090047 | Dₛₜₛₚ (GMM) 7.053 | Dₕ 0.294 | PE(20) 1.1506081 | α 0.872 | cond(B) 6.885 
      From worker 2:	[48_delayed_forcing_solar_shPLRNN_GTF_0.4_B50/CRSettings-ℳ_clippedShallowPLRNN-𝒪_Affine-M_48-H_800-B_50::001] Epoch 740/5000 took 106.02s | ETA 03:02:11 | ∑L 0.017765732 | Lₜᵣ 0.017213099 | Lᵣ 0.00055263395 | Dₛₜₛₚ (GMM) 7.13 | Dₕ 0.285 | PE(20) 1.1529411 | α 0.872 | cond(B) 6.972 
      From worker 2:	[48_delayed_forcing_solar_shPLRNN_GTF_0.4_B50/CRSettings-ℳ_clippedShallowPLRNN-𝒪_Affine-M_48-H_800-B_50::001] Epoch 745/5000 took 105.08s | ETA 02:52:08 | ∑L 0.017201323 | Lₜᵣ 0.016646812 | Lᵣ 0.00055451057 | Dₛₜₛₚ (GMM) 7.31 | Dₕ 0.303 | PE(20) 1.134956 | α 0.873 | cond(B) 6.959 
      From worker 2:	[48_delayed_forcing_solar_shPLRNN_GTF_0.4_B50/CRSettings-ℳ_clippedShallowPLRNN-𝒪_Affine-M_48-H_800-B_50::001] Epoch 750/5000 took 106.28s | ETA 03:10:34 | ∑L 0.018250413 | Lₜᵣ 0.017694078 | Lᵣ 0.0005563352 | Dₛₜₛₚ (GMM) 7.698 | Dₕ 0.291 | PE(20) 1.143881 | α 0.873 | cond(B) 7.004 
      From worker 2:	[48_delayed_forcing_solar_shPLRNN_GTF_0.4_B50/CRSettings-ℳ_clippedShallowPLRNN-𝒪_Affine-M_48-H_800-B_50::001] Epoch 755/5000 took 105.82s | ETA 03:04:55 | ∑L 0.018158546 | Lₜᵣ 0.017600408 | Lᵣ 0.00055813807 | Dₛₜₛₚ (GMM) 6.486 | Dₕ 0.292 | PE(20) 1.1103879 | α 0.873 | cond(B) 7.007 
      From worker 2:	[48_delayed_forcing_solar_shPLRNN_GTF_0.4_B50/CRSettings-ℳ_clippedShallowPLRNN-𝒪_Affine-M_48-H_800-B_50::001] Epoch 760/5000 took 106.04s | ETA 03:09:13 | ∑L 0.017797645 | Lₜᵣ 0.017237712 | Lᵣ 0.00055993395 | Dₛₜₛₚ (GMM) 7.828 | Dₕ 0.304 | PE(20) 1.1429085 | α 0.874 | cond(B) 6.999 
      From worker 2:	[48_delayed_forcing_solar_shPLRNN_GTF_0.4_B50/CRSettings-ℳ_clippedShallowPLRNN-𝒪_Affine-M_48-H_800-B_50::001] Epoch 765/5000 took 105.61s | ETA 03:03:42 | ∑L 0.01721064 | Lₜᵣ 0.016648965 | Lᵣ 0.0005616747 | Dₛₜₛₚ (GMM) 8.03 | Dₕ 0.315 | PE(20) 1.1578438 | α 0.874 | cond(B) 6.992 
      From worker 2:	[48_delayed_forcing_solar_shPLRNN_GTF_0.4_B50/CRSettings-ℳ_clippedShallowPLRNN-𝒪_Affine-M_48-H_800-B_50::001] Epoch 770/5000 took 106.11s | ETA 03:11:38 | ∑L 0.017813446 | Lₜᵣ 0.017249947 | Lᵣ 0.00056349783 | Dₛₜₛₚ (GMM) 9.446 | Dₕ 0.337 | PE(20) 1.1807137 | α 0.875 | cond(B) 7.069 
      From worker 2:	[48_delayed_forcing_solar_shPLRNN_GTF_0.4_B50/CRSettings-ℳ_clippedShallowPLRNN-𝒪_Affine-M_48-H_800-B_50::001] Epoch 775/5000 took 106.57s | ETA 03:18:08 | ∑L 0.01774412 | Lₜᵣ 0.017179007 | Lᵣ 0.0005651128 | Dₛₜₛₚ (GMM) 6.712 | Dₕ 0.289 | PE(20) 1.1212803 | α 0.875 | cond(B) 7.101 
      From worker 2:	[48_delayed_forcing_solar_shPLRNN_GTF_0.4_B50/CRSettings-ℳ_clippedShallowPLRNN-𝒪_Affine-M_48-H_800-B_50::001] Epoch 780/5000 took 105.39s | ETA 02:59:43 | ∑L 0.017393641 | Lₜᵣ 0.016826661 | Lᵣ 0.0005669799 | Dₛₜₛₚ (GMM) 7.479 | Dₕ 0.304 | PE(20) 1.1468633 | α 0.876 | cond(B) 7.106 
      From worker 2:	[48_delayed_forcing_solar_shPLRNN_GTF_0.4_B50/CRSettings-ℳ_clippedShallowPLRNN-𝒪_Affine-M_48-H_800-B_50::001] Epoch 785/5000 took 105.29s | ETA 02:54:46 | ∑L 0.017370582 | Lₜᵣ 0.016801985 | Lᵣ 0.0005685959 | Dₛₜₛₚ (GMM) 7.588 | Dₕ 0.298 | PE(20) 1.121287 | α 0.876 | cond(B) 7.114 
      From worker 2:	[48_delayed_forcing_solar_shPLRNN_GTF_0.4_B50/CRSettings-ℳ_clippedShallowPLRNN-𝒪_Affine-M_48-H_800-B_50::001] Epoch 790/5000 took 105.97s | ETA 03:00:43 | ∑L 0.017895581 | Lₜᵣ 0.017325347 | Lᵣ 0.0005702337 | Dₛₜₛₚ (GMM) 7.027 | Dₕ 0.288 | PE(20) 1.136239 | α 0.876 | cond(B) 7.096 
      From worker 2:	[48_delayed_forcing_solar_shPLRNN_GTF_0.4_B50/CRSettings-ℳ_clippedShallowPLRNN-𝒪_Affine-M_48-H_800-B_50::001] Epoch 795/5000 took 106.11s | ETA 02:58:23 | ∑L 0.018378818 | Lₜᵣ 0.017806971 | Lᵣ 0.0005718468 | Dₛₜₛₚ (GMM) 7.34 | Dₕ 0.309 | PE(20) 1.1522964 | α 0.876 | cond(B) 7.097 
      From worker 2:	[48_delayed_forcing_solar_shPLRNN_GTF_0.4_B50/CRSettings-ℳ_clippedShallowPLRNN-𝒪_Affine-M_48-H_800-B_50::001] Epoch 800/5000 took 106.95s | ETA 03:06:20 | ∑L 0.017635038 | Lₜᵣ 0.01706144 | Lᵣ 0.0005735979 | Dₛₜₛₚ (GMM) 7.125 | Dₕ 0.311 | PE(20) 1.1364921 | α 0.877 | cond(B) 7.091 
      From worker 2:	[48_delayed_forcing_solar_shPLRNN_GTF_0.4_B50/CRSettings-ℳ_clippedShallowPLRNN-𝒪_Affine-M_48-H_800-B_50::001] Epoch 805/5000 took 106.18s | ETA 02:53:20 | ∑L 0.018103987 | Lₜᵣ 0.017528692 | Lᵣ 0.00057529536 | Dₛₜₛₚ (GMM) 8.267 | Dₕ 0.324 | PE(20) 1.1386025 | α 0.877 | cond(B) 7.116 
      From worker 2:	[48_delayed_forcing_solar_shPLRNN_GTF_0.4_B50/CRSettings-ℳ_clippedShallowPLRNN-𝒪_Affine-M_48-H_800-B_50::001] Epoch 810/5000 took 105.97s | ETA 02:45:59 | ∑L 0.018460767 | Lₜᵣ 0.01788393 | Lᵣ 0.0005768366 | Dₛₜₛₚ (GMM) 7.406 | Dₕ 0.309 | PE(20) 1.1337919 | α 0.877 | cond(B) 7.148 
      From worker 2:	[48_delayed_forcing_solar_shPLRNN_GTF_0.4_B50/CRSettings-ℳ_clippedShallowPLRNN-𝒪_Affine-M_48-H_800-B_50::001] Epoch 815/5000 took 105.62s | ETA 02:35:59 | ∑L 0.017096434 | Lₜᵣ 0.016517932 | Lᵣ 0.00057850167 | Dₛₜₛₚ (GMM) 7.054 | Dₕ 0.315 | PE(20) 1.1610277 | α 0.878 | cond(B) 7.146 
      From worker 2:	[48_delayed_forcing_solar_shPLRNN_GTF_0.4_B50/CRSettings-ℳ_clippedShallowPLRNN-𝒪_Affine-M_48-H_800-B_50::001] Epoch 820/5000 took 105.43s | ETA 02:27:44 | ∑L 0.01731396 | Lₜᵣ 0.016733736 | Lᵣ 0.0005802232 | Dₛₜₛₚ (GMM) 7.822 | Dₕ 0.318 | PE(20) 1.1379392 | α 0.878 | cond(B) 7.128 
      From worker 2:	[48_delayed_forcing_solar_shPLRNN_GTF_0.4_B50/CRSettings-ℳ_clippedShallowPLRNN-𝒪_Affine-M_48-H_800-B_50::001] Epoch 825/5000 took 105.79s | ETA 02:25:53 | ∑L 0.017487269 | Lₜᵣ 0.016905503 | Lᵣ 0.0005817654 | Dₛₜₛₚ (GMM) 6.897 | Dₕ 0.312 | PE(20) 1.1304185 | α 0.878 | cond(B) 7.131 
      From worker 2:	[48_delayed_forcing_solar_shPLRNN_GTF_0.4_B50/CRSettings-ℳ_clippedShallowPLRNN-𝒪_Affine-M_48-H_800-B_50::001] Epoch 830/5000 took 104.29s | ETA 01:59:04 | ∑L 0.017495852 | Lₜᵣ 0.016912477 | Lᵣ 0.00058337447 | Dₛₜₛₚ (GMM) 7.512 | Dₕ 0.311 | PE(20) 1.1463969 | α 0.878 | cond(B) 7.244 
      From worker 2:	[48_delayed_forcing_solar_shPLRNN_GTF_0.4_B50/CRSettings-ℳ_clippedShallowPLRNN-𝒪_Affine-M_48-H_800-B_50::001] Epoch 835/5000 took 88.3s | ETA 21:33:19 | ∑L 0.01783064 | Lₜᵣ 0.0172456 | Lᵣ 0.0005850393 | Dₛₜₛₚ (GMM) 7.082 | Dₕ 0.313 | PE(20) 1.1394184 | α 0.879 | cond(B) 7.185 
      From worker 2:	[48_delayed_forcing_solar_shPLRNN_GTF_0.4_B50/CRSettings-ℳ_clippedShallowPLRNN-𝒪_Affine-M_48-H_800-B_50::001] Epoch 840/5000 took 88.69s | ETA 20:31:18 | ∑L 0.017077211 | Lₜᵣ 0.016490707 | Lᵣ 0.0005865039 | Dₛₜₛₚ (GMM) 6.682 | Dₕ 0.287 | PE(20) 1.1446757 | α 0.879 | cond(B) 7.117 
      From worker 2:	[48_delayed_forcing_solar_shPLRNN_GTF_0.4_B50/CRSettings-ℳ_clippedShallowPLRNN-𝒪_Affine-M_48-H_800-B_50::001] Epoch 845/5000 took 88.64s | ETA 19:10:41 | ∑L 0.017372321 | Lₜᵣ 0.016784286 | Lᵣ 0.0005880351 | Dₛₜₛₚ (GMM) 6.75 | Dₕ 0.3 | PE(20) 1.1526713 | α 0.879 | cond(B) 7.104 
      From worker 2:	[48_delayed_forcing_solar_shPLRNN_GTF_0.4_B50/CRSettings-ℳ_clippedShallowPLRNN-𝒪_Affine-M_48-H_800-B_50::001] Epoch 850/5000 took 88.28s | ETA 17:29:31 | ∑L 0.017318951 | Lₜᵣ 0.01672926 | Lᵣ 0.0005896907 | Dₛₜₛₚ (GMM) 7.145 | Dₕ 0.303 | PE(20) 1.1383623 | α 0.88 | cond(B) 7.159 
      From worker 2:	[48_delayed_forcing_solar_shPLRNN_GTF_0.4_B50/CRSettings-ℳ_clippedShallowPLRNN-𝒪_Affine-M_48-H_800-B_50::001] Epoch 855/5000 took 88.53s | ETA 16:16:18 | ∑L 0.01809033 | Lₜᵣ 0.017499013 | Lᵣ 0.00059131684 | Dₛₜₛₚ (GMM) 7.335 | Dₕ 0.302 | PE(20) 1.131902 | α 0.88 | cond(B) 7.266 
      From worker 2:	[48_delayed_forcing_solar_shPLRNN_GTF_0.4_B50/CRSettings-ℳ_clippedShallowPLRNN-𝒪_Affine-M_48-H_800-B_50::001] Epoch 860/5000 took 88.58s | ETA 15:12:04 | ∑L 0.017314639 | Lₜᵣ 0.016721759 | Lᵣ 0.0005928801 | Dₛₜₛₚ (GMM) 8.056 | Dₕ 0.327 | PE(20) 1.1535431 | α 0.88 | cond(B) 7.253 
      From worker 2:	[48_delayed_forcing_solar_shPLRNN_GTF_0.4_B50/CRSettings-ℳ_clippedShallowPLRNN-𝒪_Affine-M_48-H_800-B_50::001] Epoch 865/5000 took 88.68s | ETA 14:09:16 | ∑L 0.018000994 | Lₜᵣ 0.0174065 | Lᵣ 0.00059449207 | Dₛₜₛₚ (GMM) 7.427 | Dₕ 0.308 | PE(20) 1.135097 | α 0.881 | cond(B) 7.174 
      From worker 2:	[48_delayed_forcing_solar_shPLRNN_GTF_0.4_B50/CRSettings-ℳ_clippedShallowPLRNN-𝒪_Affine-M_48-H_800-B_50::001] Epoch 870/5000 took 88.67s | ETA 13:10:26 | ∑L 0.017550752 | Lₜᵣ 0.016954703 | Lᵣ 0.0005960476 | Dₛₜₛₚ (GMM) 7.038 | Dₕ 0.303 | PE(20) 1.1392219 | α 0.881 | cond(B) 7.216 
      From worker 2:	[48_delayed_forcing_solar_shPLRNN_GTF_0.4_B50/CRSettings-ℳ_clippedShallowPLRNN-𝒪_Affine-M_48-H_800-B_50::001] Epoch 875/5000 took 88.57s | ETA 12:18:24 | ∑L 0.018190026 | Lₜᵣ 0.017592313 | Lᵣ 0.0005977133 | Dₛₜₛₚ (GMM) 7.427 | Dₕ 0.325 | PE(20) 1.1363672 | α 0.881 | cond(B) 7.338 
      From worker 2:	[48_delayed_forcing_solar_shPLRNN_GTF_0.4_B50/CRSettings-ℳ_clippedShallowPLRNN-𝒪_Affine-M_48-H_800-B_50::001] Epoch 880/5000 took 88.48s | ETA 11:29:21 | ∑L 0.017505417 | Lₜᵣ 0.016906157 | Lᵣ 0.0005992602 | Dₛₜₛₚ (GMM) 7.489 | Dₕ 0.316 | PE(20) 1.1320354 | α 0.881 | cond(B) 7.302 
      From worker 2:	[48_delayed_forcing_solar_shPLRNN_GTF_0.4_B50/CRSettings-ℳ_clippedShallowPLRNN-𝒪_Affine-M_48-H_800-B_50::001] Epoch 885/5000 took 88.74s | ETA 10:48:51 | ∑L 0.017501783 | Lₜᵣ 0.016900942 | Lᵣ 0.00060084136 | Dₛₜₛₚ (GMM) 6.833 | Dₕ 0.301 | PE(20) 1.1581525 | α 0.882 | cond(B) 7.309 
      From worker 2:	[48_delayed_forcing_solar_shPLRNN_GTF_0.4_B50/CRSettings-ℳ_clippedShallowPLRNN-𝒪_Affine-M_48-H_800-B_50::001] Epoch 890/5000 took 88.9s | ETA 10:11:10 | ∑L 0.017687704 | Lₜᵣ 0.017085439 | Lᵣ 0.00060226535 | Dₛₜₛₚ (GMM) 7.007 | Dₕ 0.304 | PE(20) 1.136343 | α 0.882 | cond(B) 7.227 
      From worker 2:	[48_delayed_forcing_solar_shPLRNN_GTF_0.4_B50/CRSettings-ℳ_clippedShallowPLRNN-𝒪_Affine-M_48-H_800-B_50::001] Epoch 895/5000 took 88.81s | ETA 09:33:01 | ∑L 0.017790377 | Lₜᵣ 0.017186485 | Lᵣ 0.00060389104 | Dₛₜₛₚ (GMM) 7.188 | Dₕ 0.287 | PE(20) 1.1548437 | α 0.882 | cond(B) 7.242 
      From worker 2:	[48_delayed_forcing_solar_shPLRNN_GTF_0.4_B50/CRSettings-ℳ_clippedShallowPLRNN-𝒪_Affine-M_48-H_800-B_50::001] Epoch 900/5000 took 88.77s | ETA 08:59:14 | ∑L 0.016949886 | Lₜᵣ 0.01634453 | Lᵣ 0.00060535636 | Dₛₜₛₚ (GMM) 7.177 | Dₕ 0.309 | PE(20) 1.135183 | α 0.883 | cond(B) 7.231 
      From worker 2:	[48_delayed_forcing_solar_shPLRNN_GTF_0.4_B50/CRSettings-ℳ_clippedShallowPLRNN-𝒪_Affine-M_48-H_800-B_50::001] Epoch 905/5000 took 88.36s | ETA 08:22:36 | ∑L 0.016985826 | Lₜᵣ 0.016379034 | Lᵣ 0.00060679123 | Dₛₜₛₚ (GMM) 9.211 | Dₕ 0.339 | PE(20) 1.1367711 | α 0.883 | cond(B) 7.236 
      From worker 2:	[48_delayed_forcing_solar_shPLRNN_GTF_0.4_B50/CRSettings-ℳ_clippedShallowPLRNN-𝒪_Affine-M_48-H_800-B_50::001] Epoch 910/5000 took 88.21s | ETA 07:50:02 | ∑L 0.01712918 | Lₜᵣ 0.016520878 | Lᵣ 0.00060830166 | Dₛₜₛₚ (GMM) 9.4 | Dₕ 0.332 | PE(20) 1.165101 | α 0.883 | cond(B) 7.241 
      From worker 2:	[48_delayed_forcing_solar_shPLRNN_GTF_0.4_B50/CRSettings-ℳ_clippedShallowPLRNN-𝒪_Affine-M_48-H_800-B_50::001] Epoch 915/5000 took 88.26s | ETA 07:22:40 | ∑L 0.017327318 | Lₜᵣ 0.016717462 | Lᵣ 0.00060985546 | Dₛₜₛₚ (GMM) 7.669 | Dₕ 0.315 | PE(20) 1.1561236 | α 0.883 | cond(B) 7.279 
      From worker 2:	[48_delayed_forcing_solar_shPLRNN_GTF_0.4_B50/CRSettings-ℳ_clippedShallowPLRNN-𝒪_Affine-M_48-H_800-B_50::001] Epoch 920/5000 took 88.28s | ETA 06:55:47 | ∑L 0.016840015 | Lₜᵣ 0.016228687 | Lᵣ 0.00061132794 | Dₛₜₛₚ (GMM) 8.517 | Dₕ 0.324 | PE(20) 1.1472656 | α 0.883 | cond(B) 7.274 
      From worker 2:	[48_delayed_forcing_solar_shPLRNN_GTF_0.4_B50/CRSettings-ℳ_clippedShallowPLRNN-𝒪_Affine-M_48-H_800-B_50::001] Epoch 925/5000 took 88.12s | ETA 06:28:09 | ∑L 0.017406182 | Lₜᵣ 0.016793313 | Lᵣ 0.00061286933 | Dₛₜₛₚ (GMM) 7.142 | Dₕ 0.306 | PE(20) 1.1406807 | α 0.884 | cond(B) 7.276 
      From worker 2:	[48_delayed_forcing_solar_shPLRNN_GTF_0.4_B50/CRSettings-ℳ_clippedShallowPLRNN-𝒪_Affine-M_48-H_800-B_50::001] Epoch 930/5000 took 87.97s | ETA 06:02:42 | ∑L 0.017487591 | Lₜᵣ 0.016873203 | Lᵣ 0.0006143884 | Dₛₜₛₚ (GMM) 8.361 | Dₕ 0.34 | PE(20) 1.1649704 | α 0.883 | cond(B) 7.349 
      From worker 2:	[48_delayed_forcing_solar_shPLRNN_GTF_0.4_B50/CRSettings-ℳ_clippedShallowPLRNN-𝒪_Affine-M_48-H_800-B_50::001] Epoch 935/5000 took 87.94s | ETA 05:39:59 | ∑L 0.017976306 | Lₜᵣ 0.017360466 | Lᵣ 0.0006158412 | Dₛₜₛₚ (GMM) 7.554 | Dₕ 0.311 | PE(20) 1.1652102 | α 0.884 | cond(B) 7.33 
      From worker 2:	[48_delayed_forcing_solar_shPLRNN_GTF_0.4_B50/CRSettings-ℳ_clippedShallowPLRNN-𝒪_Affine-M_48-H_800-B_50::001] Epoch 940/5000 took 87.95s | ETA 05:18:39 | ∑L 0.017657528 | Lₜᵣ 0.017040268 | Lᵣ 0.0006172609 | Dₛₜₛₚ (GMM) 6.797 | Dₕ 0.306 | PE(20) 1.1524438 | α 0.884 | cond(B) 7.3 
      From worker 2:	[48_delayed_forcing_solar_shPLRNN_GTF_0.4_B50/CRSettings-ℳ_clippedShallowPLRNN-𝒪_Affine-M_48-H_800-B_50::001] Epoch 945/5000 took 87.63s | ETA 04:54:08 | ∑L 0.017351715 | Lₜᵣ 0.016733147 | Lᵣ 0.0006185675 | Dₛₜₛₚ (GMM) 8.868 | Dₕ 0.32 | PE(20) 1.1358753 | α 0.884 | cond(B) 7.294 
      From worker 2:	[48_delayed_forcing_solar_shPLRNN_GTF_0.4_B50/CRSettings-ℳ_clippedShallowPLRNN-𝒪_Affine-M_48-H_800-B_50::001] Epoch 950/5000 took 87.25s | ETA 04:28:11 | ∑L 0.016892986 | Lₜᵣ 0.016272848 | Lᵣ 0.0006201375 | Dₛₜₛₚ (GMM) 7.018 | Dₕ 0.3 | PE(20) 1.1390688 | α 0.885 | cond(B) 7.297 
      From worker 2:	[48_delayed_forcing_solar_shPLRNN_GTF_0.4_B50/CRSettings-ℳ_clippedShallowPLRNN-𝒪_Affine-M_48-H_800-B_50::001] Epoch 955/5000 took 87.12s | ETA 04:05:06 | ∑L 0.017812964 | Lₜᵣ 0.017191213 | Lᵣ 0.00062175 | Dₛₜₛₚ (GMM) 7.821 | Dₕ 0.322 | PE(20) 1.1442182 | α 0.885 | cond(B) 7.326 
      From worker 2:	[48_delayed_forcing_solar_shPLRNN_GTF_0.4_B50/CRSettings-ℳ_clippedShallowPLRNN-𝒪_Affine-M_48-H_800-B_50::001] Epoch 960/5000 took 86.61s | ETA 03:38:48 | ∑L 0.01696951 | Lₜᵣ 0.016346337 | Lᵣ 0.0006231728 | Dₛₜₛₚ (GMM) 6.205 | Dₕ 0.305 | PE(20) 1.1337875 | α 0.885 | cond(B) 7.392 
      From worker 2:	[48_delayed_forcing_solar_shPLRNN_GTF_0.4_B50/CRSettings-ℳ_clippedShallowPLRNN-𝒪_Affine-M_48-H_800-B_50::001] Epoch 965/5000 took 87.3s | ETA 03:27:44 | ∑L 0.017322768 | Lₜᵣ 0.0166983 | Lᵣ 0.0006244667 | Dₛₜₛₚ (GMM) 7.482 | Dₕ 0.31 | PE(20) 1.1419485 | α 0.885 | cond(B) 7.355 
      From worker 2:	[48_delayed_forcing_solar_shPLRNN_GTF_0.4_B50/CRSettings-ℳ_clippedShallowPLRNN-𝒪_Affine-M_48-H_800-B_50::001] Epoch 970/5000 took 87.34s | ETA 03:10:29 | ∑L 0.017104268 | Lₜᵣ 0.016478425 | Lᵣ 0.0006258435 | Dₛₜₛₚ (GMM) 7.687 | Dₕ 0.312 | PE(20) 1.1429981 | α 0.885 | cond(B) 7.357 
      From worker 2:	[48_delayed_forcing_solar_shPLRNN_GTF_0.4_B50/CRSettings-ℳ_clippedShallowPLRNN-𝒪_Affine-M_48-H_800-B_50::001] Epoch 975/5000 took 86.94s | ETA 02:48:52 | ∑L 0.017868735 | Lₜᵣ 0.017241461 | Lᵣ 0.0006272742 | Dₛₜₛₚ (GMM) 7.672 | Dₕ 0.312 | PE(20) 1.1489918 | α 0.886 | cond(B) 7.383 
      From worker 2:	[48_delayed_forcing_solar_shPLRNN_GTF_0.4_B50/CRSettings-ℳ_clippedShallowPLRNN-𝒪_Affine-M_48-H_800-B_50::001] Epoch 980/5000 took 86.62s | ETA 02:28:38 | ∑L 0.017417064 | Lₜᵣ 0.016788308 | Lᵣ 0.0006287565 | Dₛₜₛₚ (GMM) 8.845 | Dₕ 0.35 | PE(20) 1.1540824 | α 0.886 | cond(B) 7.437 
      From worker 2:	[48_delayed_forcing_solar_shPLRNN_GTF_0.4_B50/CRSettings-ℳ_clippedShallowPLRNN-𝒪_Affine-M_48-H_800-B_50::001] Epoch 985/5000 took 87.16s | ETA 02:20:27 | ∑L 0.017838847 | Lₜᵣ 0.017208617 | Lᵣ 0.0006302292 | Dₛₜₛₚ (GMM) 7.527 | Dₕ 0.307 | PE(20) 1.1451443 | α 0.886 | cond(B) 7.496 
      From worker 2:	[48_delayed_forcing_solar_shPLRNN_GTF_0.4_B50/CRSettings-ℳ_clippedShallowPLRNN-𝒪_Affine-M_48-H_800-B_50::001] Epoch 990/5000 took 87.15s | ETA 02:05:48 | ∑L 0.017305478 | Lₜᵣ 0.016673839 | Lᵣ 0.0006316393 | Dₛₜₛₚ (GMM) 7.954 | Dₕ 0.332 | PE(20) 1.1601055 | α 0.887 | cond(B) 7.488 
